
## ---------------- ##
## Cache variables. ##
## ---------------- ##

ac_cv_build=x86_64-unknown-linux-gnu
ac_cv_c_bigendian=no
ac_cv_c_char_unsigned=no
ac_cv_c_compiler_gnu=yes
ac_cv_c_const=yes
ac_cv_cxx_compiler_gnu=yes
ac_cv_env_CCC_set=
ac_cv_env_CCC_value=
ac_cv_env_CC_set=
ac_cv_env_CC_value=
ac_cv_env_CFLAGS_set=
ac_cv_env_CFLAGS_value=
ac_cv_env_CPPFLAGS_set=
ac_cv_env_CPPFLAGS_value=
ac_cv_env_CPP_set=
ac_cv_env_CPP_value=
ac_cv_env_CXXCPP_set=
ac_cv_env_CXXCPP_value=
ac_cv_env_CXXFLAGS_set=
ac_cv_env_CXXFLAGS_value=
ac_cv_env_CXX_set=
ac_cv_env_CXX_value=
ac_cv_env_LDFLAGS_set=
ac_cv_env_LDFLAGS_value=
ac_cv_env_XMKMF_set=
ac_cv_env_XMKMF_value=
ac_cv_env_build_alias_set=
ac_cv_env_build_alias_value=
ac_cv_env_host_alias_set=
ac_cv_env_host_alias_value=
ac_cv_env_target_alias_set=
ac_cv_env_target_alias_value=
ac_cv_func_FCGX_Accept_r=no
ac_cv_func__doprnt=no
ac_cv_func_asprintf=yes
ac_cv_func_atoll=yes
ac_cv_func_basename=yes
ac_cv_func_erf=yes
ac_cv_func_euidaccess=yes
ac_cv_func_freehostent=no
ac_cv_func_fseeko=yes
ac_cv_func_getaddrinfo=yes
ac_cv_func_getgrouplist=yes
ac_cv_func_gethostent_r=yes
ac_cv_func_getipnodebyaddr=no
ac_cv_func_getipnodebyname=no
ac_cv_func_getloadavg=yes
ac_cv_func_getnameinfo=yes
ac_cv_func_getpagesize=yes
ac_cv_func_getpass=yes
ac_cv_func_getpassphrase=no
ac_cv_func_getpwuid=yes
ac_cv_func_getrusage=yes
ac_cv_func_gettimeofday=yes
ac_cv_func_getuid=yes
ac_cv_func_inet_ntoa_r=no
ac_cv_func_inet_ntop=yes
ac_cv_func_lchown=yes
ac_cv_func_localtime_r=yes
ac_cv_func_lutimes=yes
ac_cv_func_memrchr=yes
ac_cv_func_nanosleep=yes
ac_cv_func_pthread_atfork=yes
ac_cv_func_pthread_setconcurrency=yes
ac_cv_func_readpassphrase=no
ac_cv_func_readv=yes
ac_cv_func_sched_yield=yes
ac_cv_func_select=yes
ac_cv_func_statfs=yes
ac_cv_func_statvfs=yes
ac_cv_func_strcasecmp=yes
ac_cv_func_strdup=yes
ac_cv_func_strlcat=no
ac_cv_func_strlcpy=no
ac_cv_func_strndup=yes
ac_cv_func_strtok_r=yes
ac_cv_func_sysmp=no
ac_cv_func_timegm=yes
ac_cv_func_usleep=yes
ac_cv_func_utimes=yes
ac_cv_func_vasprintf=yes
ac_cv_func_vprintf=yes
ac_cv_func_vsnprintf=yes
ac_cv_func_which_localtime_r=struct
ac_cv_func_writev=yes
ac_cv_have_decl__LIBCPP_VERSION=no
ac_cv_have_x=have_x=no
ac_cv_header_arpa_inet_h=yes
ac_cv_header_atomic_h=no
ac_cv_header_dlfcn_h=yes
ac_cv_header_errno_h=yes
ac_cv_header_fstream=yes
ac_cv_header_fstream_h=no
ac_cv_header_ieeefp_h=no
ac_cv_header_inttypes_h=yes
ac_cv_header_iostream=yes
ac_cv_header_iostream_h=no
ac_cv_header_limits=yes
ac_cv_header_malloc_h=yes
ac_cv_header_memory_h=yes
ac_cv_header_netdb_h=yes
ac_cv_header_netinet_in_h=yes
ac_cv_header_netinet_tcp_h=yes
ac_cv_header_paths_h=yes
ac_cv_header_poll_h=yes
ac_cv_header_signal_h=yes
ac_cv_header_stdc=yes
ac_cv_header_stdint_h=yes
ac_cv_header_stdlib_h=yes
ac_cv_header_string_h=yes
ac_cv_header_strings_h=yes
ac_cv_header_strstrea_h=no
ac_cv_header_strstream=yes
ac_cv_header_strstream_h=no
ac_cv_header_sys_epoll_h=yes
ac_cv_header_sys_ioctl_h=yes
ac_cv_header_sys_mount_h=yes
ac_cv_header_sys_select_h=yes
ac_cv_header_sys_socket_h=yes
ac_cv_header_sys_sockio_h=no
ac_cv_header_sys_stat_h=yes
ac_cv_header_sys_statvfs_h=yes
ac_cv_header_sys_sysinfo_h=yes
ac_cv_header_sys_time_h=yes
ac_cv_header_sys_types_h=yes
ac_cv_header_sys_vfs_h=yes
ac_cv_header_time=yes
ac_cv_header_unistd_h=yes
ac_cv_header_wchar_h=yes
ac_cv_header_windows_h=no
ac_cv_header_x86intrin_h=yes
ac_cv_host=x86_64-unknown-linux-gnu
ac_cv_lib_Xext_XextCreateExtension=yes
ac_cv_lib_Xmu_XmuMakeAtom=no
ac_cv_lib_Xt_XtMainLoop=no
ac_cv_lib_nsl_gethostbyname=yes
ac_cv_lib_resolv_res_search=yes
ac_cv_lib_socket_connect=no
ac_cv_member_struct_sockaddr_in_sin_len=no
ac_cv_member_struct_tm___tm_zone=no
ac_cv_member_struct_tm_tm_zone=yes
ac_cv_objext=o
ac_cv_path_EGREP='/bin/grep -E'
ac_cv_path_GREP=/bin/grep
ac_cv_path_KRB5_CONFIG=/usr/bin/krb5-config
ac_cv_path_LDD=/usr/bin/ldd
ac_cv_path_LIBGCRYPT_CONFIG=/usr/bin/libgcrypt-config
ac_cv_path_PERL=/usr/bin/perl
ac_cv_path_PYTHON=/usr/bin/python
ac_cv_path_SED=/bin/sed
ac_cv_path_TAIL=/usr/bin/tail
ac_cv_path_TOUCH=/bin/touch
ac_cv_path_XSLTPROC=/usr/bin/xsltproc
ac_cv_path_freetype_config=/usr/bin/freetype-config
ac_cv_path_install='/usr/bin/install -c'
ac_cv_path_mysql_config=/usr/bin/mysql_config
ac_cv_prog_AR='ar cr'
ac_cv_prog_CPP='/usr/bin/gcc  -std=gnu11 -fgnu89-inline -E'
ac_cv_prog_CXXCPP='/usr/bin/g++  -std=gnu++11 -E'
ac_cv_prog_STRIP=strip
ac_cv_prog_ac_ct_CC=gcc
ac_cv_prog_ac_ct_CXX=g++
ac_cv_prog_ac_ct_RANLIB=ranlib
ac_cv_prog_cc_c89=
ac_cv_prog_cc_g=yes
ac_cv_prog_cxx_g=yes
ac_cv_search_clock_gettime=-lrt
ac_cv_search_cplus_demangle=no
ac_cv_search_dlopen=-ldl
ac_cv_search_fuse_loop=no
ac_cv_search_iconv='none required'
ac_cv_search_kstat_open=no
ac_cv_search_rstat=no
ac_cv_search_setkey=-lcrypt
ac_cv_search_uuid_generate=no
ac_cv_sizeof___int64=0
ac_cv_sizeof_char=1
ac_cv_sizeof_double=8
ac_cv_sizeof_float=4
ac_cv_sizeof_int=4
ac_cv_sizeof_long=8
ac_cv_sizeof_long_double=16
ac_cv_sizeof_long_long=8
ac_cv_sizeof_short=2
ac_cv_sizeof_size_t=8
ac_cv_sizeof_voidp=8
ac_cv_type___int64=no
ac_cv_type_char=yes
ac_cv_type_double=yes
ac_cv_type_float=yes
ac_cv_type_int=yes
ac_cv_type_intptr_t=yes
ac_cv_type_long=yes
ac_cv_type_long_double=yes
ac_cv_type_long_long=yes
ac_cv_type_short=yes
ac_cv_type_signal=void
ac_cv_type_size_t=yes
ac_cv_type_socklen_t=yes
ac_cv_type_uintptr_t=yes
ac_cv_type_union_semun=no
ac_cv_type_voidp=yes
ac_cv_type_wstring_linkable=yes
am_cv_proto_iconv='extern size_t iconv (iconv_t cd, char * *inbuf, size_t *inbytesleft, char * *outbuf, size_t *outbytesleft);'
am_cv_proto_iconv_arg1=
ncbi_cv_c_attribute_destructor=yes
ncbi_cv_c_attribute_visibility_default=unnecessary
ncbi_cv_c_deprecation_syntax='__attribute__((__deprecated__))'
ncbi_cv_c_forceinline='inline __attribute__((always_inline))'
ncbi_cv_c_noreturn='__attribute__((__noreturn__))'
ncbi_cv_c_restrict=__restrict__
ncbi_cv_c_tls_var=__thread
ncbi_cv_cc_aes=yes
ncbi_cv_cc_sse4_1=yes
ncbi_cv_cc_unsafe_math=yes
ncbi_cv_cc_vector_math=no
ncbi_cv_cpp_gnu_varargs=yes
ncbi_cv_cpp_std_varargs=yes
ncbi_cv_cxx_restrict=__restrict__
ncbi_cv_cxx_throw_spec=yes
ncbi_cv_decl_fionbio_needs_bsd_comp=no
ncbi_cv_decl_inaddr_none=yes
ncbi_cv_func_gethostbyaddr_r=8
ncbi_cv_func_gethostbyname_r=6
ncbi_cv_func_getlogin_r=yes
ncbi_cv_func_getpwuid_r=5
ncbi_cv_func_getservbyname_r=6
ncbi_cv_func_ios_register_callback=yes
ncbi_cv_func_min_max=yes
ncbi_cv_func_pthread_mutex=yes
ncbi_cv_func_readdir_r=3
ncbi_cv_func_select_updates_timeout=yes
ncbi_cv_func_strcasecmp_lc=yes
ncbi_cv_func_string_compare_obsolete=no
ncbi_cv_func_sysinfo_1=yes
ncbi_cv_lib_avro=no
ncbi_cv_lib_berkeley_db=yes
ncbi_cv_lib_berkeley_db_cxx=no
ncbi_cv_lib_berkeley_db_version=5.1.29
ncbi_cv_lib_boost_filesystem=no
ncbi_cv_lib_boost_iostreams=no
ncbi_cv_lib_boost_program_options=yes
ncbi_cv_lib_boost_regex=no
ncbi_cv_lib_boost_spirit=yes
ncbi_cv_lib_boost_system=no
ncbi_cv_lib_boost_test=included-only
ncbi_cv_lib_boost_thread=yes
ncbi_cv_lib_boost_version=1_49
ncbi_cv_lib_bz2=yes
ncbi_cv_lib_ctools=no
ncbi_cv_lib_curl=yes
ncbi_cv_lib_expat=yes
ncbi_cv_lib_fcgi=no
ncbi_cv_lib_freetds=no
ncbi_cv_lib_freetype=yes
ncbi_cv_lib_freetype_fix_include=no
ncbi_cv_lib_ftgl=no
ncbi_cv_lib_gcrypt=yes
ncbi_cv_lib_gif=no
ncbi_cv_lib_gnutls=yes
ncbi_cv_lib_gsoap=no
ncbi_cv_lib_hdf5=no
ncbi_cv_lib_icu=no
ncbi_cv_lib_jpeg=yes
ncbi_cv_lib_krb5=yes
ncbi_cv_lib_libexslt=no
ncbi_cv_lib_libxml=yes
ncbi_cv_lib_libxslt=no
ncbi_cv_lib_lzo=no
ncbi_cv_lib_magic=no
ncbi_cv_lib_mimetic=no
ncbi_cv_lib_mongodb=no
ncbi_cv_lib_muparser=no
ncbi_cv_lib_mysql=yes
ncbi_cv_lib_oechem=no
ncbi_cv_lib_opengl=no
ncbi_cv_lib_openssl=yes
ncbi_cv_lib_orbacus=no
ncbi_cv_lib_pcre=yes
ncbi_cv_lib_perl=no
ncbi_cv_lib_png=yes
ncbi_cv_lib_python23=no
ncbi_cv_lib_python24=no
ncbi_cv_lib_python25=no
ncbi_cv_lib_python=yes
ncbi_cv_lib_sablot=no
ncbi_cv_lib_sge=no
ncbi_cv_lib_sqlite3=no
ncbi_cv_lib_sybase=no
ncbi_cv_lib_sybase_r=no
ncbi_cv_lib_tiff=no
ncbi_cv_lib_ungif=no
ncbi_cv_lib_wxwidgets=no
ncbi_cv_lib_xalan_c=no
ncbi_cv_lib_xerces_c=no
ncbi_cv_lib_xpm=no
ncbi_cv_lib_z=yes
ncbi_cv_lib_zorba=no
ncbi_cv_prog_c_99='-std=gnu11 -fgnu89-inline'
ncbi_cv_prog_cc_export_all=-Wl,-export-dynamic
ncbi_cv_prog_cc_new_dtags=yes
ncbi_cv_prog_cc_wl_no_asu=no
ncbi_cv_prog_cxx_11=-std=gnu++11
ncbi_cv_prog_ranlib_effect=neutral
ncbi_cv_strip_loses_rtti=no
ncbi_cv_sys_semaphores=yes
ncbi_cv_sys_stack_dir=down
ncbi_cv_sys_unaligned_reads=yes
ncbi_cv_sys_xdir_ln=yes
ncbi_cv_type_auto_ptr_works=yes
ncbi_cv_type_char_traits=yes
ncbi_cv_type_ios_base=yes

## ----------------- ##
## Output variables. ##
## ----------------- ##

AES_FLAG='-maes'
ALLOW_UNDEF=''
AMQ=''
APP_LDFLAGS=''
APP_LIBS_SETTING='$(LIBS)'
APP_LIB_SETTING='$(LIB)'
APP_NOCOPY=''
APP_OR_NULL='app'
AR='ar cr'
AR_FILTER=''
AR_WRAPPER=''
AVROGENCPP=''
AVRO_INCLUDE=''
AVRO_LIBS=''
AVRO_STATIC_LIBS=''
BDB_CACHE_LIB=''
BDB_LIB=''
BERKELEYDB_CXX_LIBS=''
BERKELEYDB_CXX_STATIC_LIBS=''
BERKELEYDB_INCLUDE=''
BERKELEYDB_LIBS='-L/lib64 -Wl,-rpath,/lib64 -ldb'
BERKELEYDB_STATIC_LIBS='-L/lib64 -Wl,-rpath,/lib64 -ldb'
BINCOPY='/bin/bash $(top_srcdir)/scripts/common/impl/if_diff.sh "/bin/ln -f"'
BOOST_FILESYSTEM_LIBS=''
BOOST_FILESYSTEM_STATIC_LIBS=''
BOOST_INCLUDE=' -Wno-unused-local-typedefs'
BOOST_IOSTREAMS_LIBS=''
BOOST_IOSTREAMS_STATIC_LIBS=''
BOOST_LIBPATH='-L/lib -Wl,-rpath,/lib'
BOOST_PROGRAM_OPTIONS_LIBS='-lboost_program_options-mt'
BOOST_PROGRAM_OPTIONS_STATIC_LIBS='-lboost_program_options-mt'
BOOST_REGEX_LIBS=''
BOOST_REGEX_STATIC_LIBS=''
BOOST_SYSTEM_LIBS=''
BOOST_SYSTEM_STATIC_LIBS=''
BOOST_TAG='-mt'
BOOST_TEST_PEM_LIBS='-lboost_prg_exec_monitor-mt'
BOOST_TEST_PEM_STATIC_LIBS='-lboost_prg_exec_monitor-mt'
BOOST_TEST_TEM_LIBS='-lboost_test_exec_monitor-mt'
BOOST_TEST_TEM_STATIC_LIBS='-lboost_test_exec_monitor-mt'
BOOST_TEST_UTF_LIBS='-lboost_unit_test_framework-mt'
BOOST_TEST_UTF_STATIC_LIBS='-lboost_unit_test_framework-mt'
BOOST_THREAD_LIBS='-lboost_thread-mt '
BOOST_THREAD_STATIC_LIBS='-lboost_thread-mt '
BZ2_INCLUDE=' '
BZ2_LIB=''
BZ2_LIBS='-lbz2 '
CC='/usr/bin/gcc  -std=gnu11 -fgnu89-inline'
CCACHE=''
CC_FILTER=''
CC_WRAPPER=''
CFLAGS=' -Wall -Wno-format-y2k  -pthread -fopenmp -O2 -fPIC '
CFLAGS_DLL=''
CHECK_ARG=''
CHECK_OS_NAME='debian'
CHECK_TIMEOUT_MULT='1'
CHECK_TOOLS=''
COMPILER='gcc'
CONNEXT='connext'
CPP='/usr/bin/gcc  -std=gnu11 -fgnu89-inline -E'
CPPFLAGS='-DNDEBUG -D_LARGEFILE_SOURCE -D_FILE_OFFSET_BITS=64 -D_LARGEFILE64_SOURCE   -D_MT -D_REENTRANT -D_THREAD_SAFE'
CRYPT_LIBS='-lcrypt'
CURL_INCLUDE=' '
CURL_LIBS='-lcurl '
CXX='/usr/bin/g++  -std=gnu++11'
CXXCPP='/usr/bin/g++  -std=gnu++11 -E'
CXXFLAGS=' -Wall -Wno-format-y2k  -pthread -fopenmp -O2 -fPIC '
CXXFLAGS_DLL=''
CXX_FILTER=''
CXX_WRAPPER=''
C_LIBS='-lm  -lpthread'
C_LINK='$(CC)'
DBAPI_CTLIB=''
DBAPI_DBLIB=''
DBAPI_DRIVER='dbapi_driver'
DBAPI_MYSQL='ncbi_xdbapi_mysql'
DBAPI_ODBC=''
DEBUG_SFX='Release'
DEFS='-DHAVE_CONFIG_H'
DEMANGLE_LIBS=''
DEPFLAGS='-M'
DEPFLAGS_POST=''
DISTCC=''
DLL='-dll'
DLL_LDFLAGS=' -fPIC'
DLL_LIB_SETTING='$(DLL_LIB)'
DL_LIBS='-ldl'
D_SFX=''
ECHO_C=''
ECHO_N='-n'
ECHO_T=''
EGREP='/bin/grep -E'
EGREP_Q='/bin/grep -E -q'
EXEEXT=''
EXPAT_INCLUDE=' '
EXPAT_LIBS='-lexpat '
EXPAT_STATIC_LIBS='-lexpat '
FASTCGI_INCLUDE=''
FASTCGI_LIBS=''
FASTCGI_OBJS=''
FAST_CFLAGS='  -Wall -Wno-format-y2k  -pthread -fopenmp -fPIC   -O3 -finline-functions -fstrict-aliasing -fomit-frame-pointer'
FAST_CXXFLAGS='  -Wall -Wno-format-y2k  -pthread -fopenmp -fPIC   -O3 -finline-functions -fstrict-aliasing -fomit-frame-pointer'
FAST_LDFLAGS='  -Wl,-rpath,/usr/lib/gcc/x86_64-linux-gnu/4.7/../../../x86_64-linux-gnu -Wl,--enable-new-dtags -Wl,-export-dynamic  -pthread -fopenmp    -O3 -finline-functions -fstrict-aliasing -fomit-frame-pointer'
FEATURES='GCC MT LFS DLL unix WinMain Linux Z BZ2 PCRE GCRYPT GNUTLS OPENSSL KRB5 CURL MySQL BerkeleyDB PYTHON Boost.Program-Options Boost.Spirit Boost.Test.Included Boost.Threads EXPAT LIBXML JPEG PNG FreeType cgi local_lbsm connext ncbi_crypt serial objects dbapi app algo -KCC -ICC -VisualAge -CompaqCompiler -Cray -WorkShop -MIPSpro -MSVC -DLL_BUILD -MaxDebug -MSWin -AIX -BSD -Cygwin -CygwinMT -Darwin -XCODE -IRIX -OSF -Solaris -MacOS -in-house-resources -PubSeqOS -JDK -Ncbi-JNI -check -Valgrind -LimitedLinker -UUID -FUSE -LocalZ -LocalBZ2 -LZO -LocalPCRE -Sybase -DBLib -FreeTDS -BerkeleyDB++ -ODBC -PYTHON23 -PYTHON24 -PYTHON25 -PERL -Boost.Filesystem -Boost.Iostreams -Boost.Regex -Boost.System -Boost.Test -C-Toolkit -OpenGL -MESA -GLUT -GLEW -wxWidgets -wx2.8 -Fast-CGI -LocalSSS -LocalMSGMAIL2 -SSSUTILS -LocalNCBILS -NCBILS2 -SSSDB -SP -ORBacus -ICU -SABLOT -LIBXSLT -LIBEXSLT -Xerces -Xalan -Zorba -SQLITE3 -SQLITE3ASYNC -OECHEM -SGE -MUPARSER -HDF5 -TIFF -UNGIF -GIF -XPM -FTGL -MAGIC -MIMETIC -GSOAP -AVRO -MONGODB -bdb -ctools -gui -gbench'
FORBID_UNDEF='-Wl,--no-undefined'
FORCE_STATIC_LIB=''
FREETYPE_INCLUDE='-I/usr/include/freetype2'
FREETYPE_LIBS='-L/usr/lib/x86_64-linux-gnu -Wl,-rpath,/usr/lib/x86_64-linux-gnu -lfreetype -lz'
FTDS64_CTLIB_INCLUDE=''
FTDS64_CTLIB_LIB=''
FTDS64_CTLIB_LIBS=''
FTDS64_INCLUDE=''
FTDS64_LIB=''
FTDS64_LIBS=''
FTDS_INCLUDE=''
FTDS_LIB=''
FTDS_LIBS=''
FTGL_INCLUDE=''
FTGL_LIBS=''
GCCPCH='#'
GCRYPT_INCLUDE=' '
GCRYPT_LIBS='-L/lib/x86_64-linux-gnu -Wl,-rpath,/lib/x86_64-linux-gnu -lgcrypt -lz'
GIF_INCLUDE=''
GIF_LIBS=''
GLEW_INCLUDE=''
GLEW_LIBS=''
GLEW_STATIC_LIBS=''
GLUT_INCLUDE=''
GLUT_LIBS=''
GNUTLS_INCLUDE=' '
GNUTLS_LIBS='-lgnutls -lgcrypt -lgpg-error -ltasn1 -lz -lp11-kit -lz'
GREP='/bin/grep'
GSOAP_INCLUDE=''
GSOAP_LIBS=''
GSOAP_PATH='No_GSOAP'
GSOAP_SOAPCPP2=''
GSOAP_WSDL2H=''
HDF5_INCLUDE=''
HDF5_LIBS=''
ICONV_LIBS=''
ICU_CONFIG='/icu-config'
ICU_INCLUDE=''
ICU_LIBS=''
ICU_STATIC_LIBS=''
IF_DEACTIVATING=''
IF_REBUILDING_CONDITIONALLY='#'
IF_REBUILDING_LIBS='#'
IF_WITH_DLL='# '
INSTALL_DATA='${INSTALL} -m 644'
INSTALL_PROGRAM='${INSTALL}'
INSTALL_SCRIPT='${INSTALL}'
JDK_INCLUDE=''
JDK_PATH=''
JPEG_INCLUDE=' '
JPEG_LIBS='-ljpeg '
KRB5_CONFIG='/usr/bin/krb5-config'
KRB5_INCLUDE=' '
KRB5_LIBS='-lgssapi_krb5 -lkrb5 -lk5crypto -lcom_err'
KSTAT_LIBS=''
KeepStateTarget=''
LDD='/usr/bin/ldd'
LDD_R='/usr/bin/ldd -r'
LDFLAGS=' -Wl,-rpath,/usr/lib/gcc/x86_64-linux-gnu/4.7/../../../x86_64-linux-gnu -Wl,--enable-new-dtags -Wl,-export-dynamic  -pthread -fopenmp   -O'
LIBEXSLT_INCLUDE=''
LIBEXSLT_LIBS=''
LIBEXSLT_STATIC_LIBS=''
LIBGCRYPT_CONFIG='/usr/bin/libgcrypt-config'
LIBGNUTLS_CONFIG='eval PKG_CONFIG_PATH="/lib/pkgconfig" pkg-config gnutls --static'
LIBIMR=''
LIBOB=''
LIBOBJS=''
LIBS=' -lrt -lm  -lpthread'
LIBSSSDB=''
LIBSSSUTILS=''
LIBXML_INCLUDE='-I/usr/include/libxml2'
LIBXML_LIBS='-lxml2 '
LIBXML_STATIC_LIBS='-lxml2 '
LIBXSLT_INCLUDE=''
LIBXSLT_LIBS=''
LIBXSLT_STATIC_LIBS=''
LIB_OR_DLL='lib'
LINK='$(CXX)'
LINK_DLL='$(CXX)  -shared -o'
LINK_FILTER=''
LINK_LOADABLE=''
LINK_WRAPPER=''
LN_S='/bin/ln -s'
LTLIBOBJS=''
LZO_INCLUDE=''
LZO_LIBS=''
MAGIC_INCLUDE=''
MAGIC_LIBS=''
MATH_LIBS='-lm'
MIMETIC_INCLUDE=''
MIMETIC_LIBS=''
MONGODB_INCLUDE=''
MONGODB_LIBS=''
MONGODB_STATIC_LIBS=''
MT_SFX='MT'
MUPARSER_INCLUDE=''
MUPARSER_LIBS=''
MYSQL_INCLUDE='-I/usr/include/mysql'
MYSQL_LIBS='-L/usr/lib/x86_64-linux-gnu -Wl,-rpath,/usr/lib/x86_64-linux-gnu -lmysqlclient_r -lpthread -lz -lm -lrt -ldl'
NCBIATOMIC_LIB=''
NCBI_C_INCLUDE=''
NCBI_C_LIBPATH=''
NCBI_C_ncbi=''
NCBI_PLATFORM_BITS='64'
NCBI_SSS_INCLUDE=''
NCBI_SSS_LIBPATH=''
NETWORK_LIBS='-lnsl'
NETWORK_PURE_LIBS='-lnsl'
NO_STRICT_ALIASING='-fno-strict-aliasing'
OBJCXX_CXXFLAGS=''
OBJCXX_LIBS=''
OBJEXT='o'
ODBC_INCLUDE='-I$(includedir)/dbapi/driver/odbc/unix_odbc -I$(includedir0)/dbapi/driver/odbc/unix_odbc'
ODBC_LIBS=''
OECHEM_INCLUDE=''
OECHEM_LIBS=''
OPENGL_INCLUDE=''
OPENGL_LIBS=''
OPENGL_STATIC_LIBS=''
OPENMP_FLAGS=''
OPENSSL_INCLUDE=' '
OPENSSL_LIBS='-lssl -lcrypto'
OPENSSL_STATIC_LIBS='-lssl -lcrypto'
OPT_GROUPS=''
ORBACUS_INCLUDE=''
ORBACUS_LIBPATH=''
OSMESA_INCLUDE=''
OSMESA_LIBS=''
OSMESA_STATIC_LIBS=''
OSTYPE='linux'
PACKAGE_BUGREPORT='cpp-core@ncbi.nlm.nih.gov'
PACKAGE_NAME='ncbi-tools++'
PACKAGE_STRING='ncbi-tools++ 0.0'
PACKAGE_TARNAME='ncbi-tools--'
PACKAGE_VERSION='0.0'
PATH_SEPARATOR=':'
PCREPOSIX_LIBS='-lpcreposix -lpcre '
PCRE_INCLUDE=' '
PCRE_LIB=''
PCRE_LIBS='-lpcre '
PERL='/usr/bin/perl'
PERL_INCLUDE=''
PERL_LIBS=''
PNG_INCLUDE='  '
PNG_LIBS='-lpng -lz '
PROJECTS=''
PYTHON23=''
PYTHON23_INCLUDE=''
PYTHON23_LIBS=''
PYTHON24=''
PYTHON24_INCLUDE=''
PYTHON24_LIBS=''
PYTHON25=''
PYTHON25_INCLUDE=''
PYTHON25_LIBS=''
PYTHON='/usr/bin/python'
PYTHON_INCLUDE='-I/usr/include/python2.7 -I/usr/include/python2.7'
PYTHON_LIBS='-L/usr/lib -L/usr/lib/python2.7/config -Wl,-rpath,/usr/lib:/usr/lib/python2.7/config -lpython2.7 -lpthread -ldl  -lutil -lm'
RANLIB='ranlib'
RESOLVER_LIBS='-lresolv'
RPCSVC_LIBS=''
RT_LIBS='-lrt'
RUNPATH_ORIGIN='-Wl,-rpath,'\''$$ORIGIN'\'''
Rules='rules_with_autodep'
SABLOT_INCLUDE=''
SABLOT_LIBS=''
SABLOT_STATIC_LIBS=''
SED='/bin/sed'
SGE_INCLUDE=''
SGE_LIBS=''
SHELL='/bin/bash'
SP_INCLUDE=''
SP_LIBS=''
SQLITE3_INCLUDE=''
SQLITE3_LIBS=''
SQLITE3_STATIC_LIBS=''
SSE4_1_FLAG='-msse4.1'
STATIC='-static'
STRIP='strip'
SYBASE_DBLIBS=''
SYBASE_DLLS=''
SYBASE_INCLUDE=''
SYBASE_LCL_PATH=''
SYBASE_LIBS=''
SYBASE_PATH='No_Sybase'
TAIL='/usr/bin/tail'
TAIL_N='/usr/bin/tail -n '
TCHECK_CL=''
THREAD_LIBS='-lpthread'
TIFF_INCLUDE=''
TIFF_LIBS=''
TLS_INCLUDE=' '
TLS_LIBS='-lgnutls -lgcrypt -lgpg-error -ltasn1 -lz -lp11-kit -lz'
TOUCH='/bin/touch'
UNGIF_INCLUDE=''
UNGIF_LIBS=''
UNIX_SRC='$(UNIX_SRC)'
UNIX_USR_PROJ='$(UNIX_USR_PROJ)'
UNLESS_PUBSEQOS=''
UNLESS_WITH_DLL=''
UNSAFE_MATH_FLAG='-funsafe-math-optimizations'
USUAL_AND_DLL='both'
USUAL_AND_LIB='lib'
UUID_LIBS=''
VALGRIND_PATH=''
WXWIDGETS_GL_LIBS=''
WXWIDGETS_GL_STATIC_LIBS=''
WXWIDGETS_INCLUDE=''
WXWIDGETS_LIBS=''
WXWIDGETS_POST_LINK=':'
WXWIDGETS_STATIC_LIBS=''
XALAN_INCLUDE=''
XALAN_LIBS=''
XALAN_STATIC_LIBS=''
XCONNEXT='xconnext'
XERCES_INCLUDE=''
XERCES_LIBS=''
XERCES_STATIC_LIBS=''
XMKMF=''
XPM_INCLUDE=''
XPM_LIBS=''
XSLTPROC='/usr/bin/xsltproc'
X_CFLAGS=''
X_EXTRA_LIBS=''
X_LIBS=' '
X_PRE_LIBS=''
ZORBA_INCLUDE=''
ZORBA_LIBS=''
ZORBA_STATIC_LIBS=''
Z_INCLUDE=' '
Z_LIB=''
Z_LIBS='-lz '
_ACJNI_JAVAC=''
ac_ct_CC='gcc'
ac_ct_CXX='g++'
algo='algo'
app='app'
bdb=''
bindir='${exec_prefix}/bin'
build='x86_64-unknown-linux-gnu'
build_alias=''
build_cpu='x86_64'
build_os='linux-gnu'
build_root='/home/msamanta/Electrophorus-Toolbox/NCBI-BLAST/ReleaseMT'
build_vendor='unknown'
builddir='/home/msamanta/Electrophorus-Toolbox/NCBI-BLAST/ReleaseMT/build'
c_ncbi_runpath='/home/msamanta/Electrophorus-Toolbox/NCBI-BLAST/ReleaseMT/lib'
check=''
compiler='GCC'
compiler_root='/usr'
compiler_version='470'
configurables_mfname='configurables'
datadir='${datarootdir}'
datarootdir='${prefix}/share'
dbapi='dbapi'
dll_ext='.so'
docdir='${datarootdir}/doc/${PACKAGE_TARNAME}'
dvidir='${docdir}'
exe_ext=''
exec_prefix='${prefix}'
f_compile='-c '
f_libpath='-L'
f_outexe='-o '
f_outlib=''
f_outobj='-o '
f_runpath='-Wl,-rpath,'
freetds=''
freetype_config='/usr/bin/freetype-config'
ftds64='ftds'
gui=''
has_dll_loadable='@# '
host='x86_64-unknown-linux-gnu'
host_alias=''
host_cpu='x86_64'
host_os='linux-gnu'
host_vendor='unknown'
htmldir='${docdir}'
includedir='${prefix}/include'
infodir='${datarootdir}/info'
internal=''
lib_ext='.a'
lib_l_ext=''
lib_l_pre='-l'
lib_pre='lib'
libdir='${exec_prefix}/lib'
libexecdir='${exec_prefix}/libexec'
loadable_ext='.so'
local_lbsm='ncbi_lbsm ncbi_lbsm_ipc ncbi_lbsmd'
localedir='${datarootdir}/locale'
localstatedir='${prefix}/var'
make_shell='SHELL=/bin/bash'
mandir='${datarootdir}/man'
mysql_config='/usr/bin/mysql_config'
ncbi_crypt='ncbi_crypt'
ncbi_java=''
ncbi_runpath='/home/msamanta/Electrophorus-Toolbox/NCBI-BLAST/ReleaseMT/lib'
ncbi_xreader_pubseqos2=''
ncbi_xreader_pubseqos=''
ncbicntr=''
obj_ext='.o'
objects='objects'
oldincludedir='/usr/include'
pdfdir='${docdir}'
prefix='/usr/local'
program_transform_name='s,x,x,'
psdir='${docdir}'
runpath='-Wl,-rpath,$(libdir)'
sbindir='${exec_prefix}/sbin'
script_shell='#! /bin/bash'
serial='serial'
serial_ws50_rtti_kludge=''
sharedstatedir='${prefix}/com'
signature='GCC_470-ReleaseMT64--x86_64-unknown-linux3.2.0-gnu2.13-samson'
srcdir='/home/msamanta/Electrophorus-Toolbox/NCBI-BLAST'
sssutils=''
status_dir='/home/msamanta/Electrophorus-Toolbox/NCBI-BLAST/ReleaseMT/status'
sysconfdir='${prefix}/etc'
target_alias=''
top_srcdir=''
wxconf=''

## ----------- ##
## confdefs.h. ##
## ----------- ##

#define NCBI_CXX_TOOLKIT 1
#define HOST "x86_64-unknown-linux-gnu"
#define HOST_CPU "x86_64"
#define HOST_VENDOR "unknown"
#define HOST_OS "linux-gnu"
#define NCBI_COMPILER "GCC"
#define NCBI_COMPILER_GCC 1
#define NCBI_COMPILER_VERSION 470
#define _GNU_SOURCE 1
#define STDC_HEADERS 1
#define HAVE_SYS_TYPES_H 1
#define HAVE_SYS_STAT_H 1
#define HAVE_STDLIB_H 1
#define HAVE_STRING_H 1
#define HAVE_MEMORY_H 1
#define HAVE_STRINGS_H 1
#define HAVE_INTTYPES_H 1
#define HAVE_STDINT_H 1
#define HAVE_UNISTD_H 1
#define SIZEOF_SIZE_T 8
#define NCBI_PLATFORM_BITS 64
#define NCBI_SIGNATURE "GCC_470-ReleaseMT64--x86_64-unknown-linux3.2.0-gnu2.13-samson"
#define NCBI_DLL_SUPPORT 1
#define HAVE_IOSTREAM 1
#define HAVE_FSTREAM 1
#define HAVE_STRSTREAM 1
#define HAVE_INTTYPES_H 1
#define HAVE_LIMITS 1
#define HAVE_UNISTD_H 1
#define NCBI_OS_UNIX 1
#define NCBI_OS "UNIX"
#define NCBI_OS_LINUX 1
#define HAVE_WSTRING 1
#define HAVE_SOCKLEN_T 1
#define HAVE_DLFCN_H 1
#define HAVE_POLL_H 1
#define HAVE_SYS_EPOLL_H 1
#define HAVE_SYS_MOUNT_H 1
#define HAVE_SYS_STATVFS_H 1
#define HAVE_SYS_SYSINFO_H 1
#define HAVE_SYS_VFS_H 1
#define HAVE_X86INTRIN_H 1
#define HAVE_ARPA_INET_H 1
#define HAVE_ERRNO_H 1
#define HAVE_MALLOC_H 1
#define HAVE_NETDB_H 1
#define HAVE_NETINET_IN_H 1
#define HAVE_NETINET_TCP_H 1
#define HAVE_PATHS_H 1
#define HAVE_SIGNAL_H 1
#define HAVE_SYS_IOCTL_H 1
#define HAVE_SYS_SELECT_H 1
#define HAVE_SYS_SOCKET_H 1
#define HAVE_SYS_TIME_H 1
#define HAVE_WCHAR_H 1
#define TIME_WITH_SYS_TIME 1
#define HAVE_GETHOSTBYNAME_R 6
#define HAVE_GETHOSTBYADDR_R 8
#define HAVE_GETSERVBYNAME_R 6
#define NCBI_HAVE_GETPWUID_R 5
#define HAVE_GETLOGIN_R 1
#define HAVE_LOCALTIME_R 1
#define HAVE_PTHREAD_SETCONCURRENCY 1
#define HAVE_PTHREAD_ATFORK 1
#define HAVE_FUNC_LOCALTIME_R_TM 1
#define HAVE_PTHREAD_MUTEX 1
#define HAVE_VPRINTF 1
#define HAVE_EUIDACCESS 1
#define HAVE_ATOLL 1
#define HAVE_BASENAME 1
#define HAVE_LCHOWN 1
#define HAVE_FSEEKO 1
#define HAVE_GETGROUPLIST 1
#define HAVE_GETPAGESIZE 1
#define HAVE_GETPASS 1
#define HAVE_GETPWUID 1
#define HAVE_GETRUSAGE 1
#define HAVE_GETTIMEOFDAY 1
#define HAVE_GETUID 1
#define HAVE_MEMRCHR 1
#define HAVE_READV 1
#define HAVE_USLEEP 1
#define HAVE_ASPRINTF 1
#define HAVE_VASPRINTF 1
#define HAVE_VSNPRINTF 1
#define HAVE_SELECT 1
#define HAVE_STATFS 1
#define HAVE_STATVFS 1
#define HAVE_STRCASECMP 1
#define HAVE_STRDUP 1
#define HAVE_STRNDUP 1
#define HAVE_STRTOK_R 1
#define HAVE_TIMEGM 1
#define HAVE_UTIMES 1
#define HAVE_LUTIMES 1
#define HAVE_WRITEV 1
#define RETSIGTYPE void
#define SELECT_UPDATES_TIMEOUT 1
#define HAVE_STRCASECMP_LC 1
#define HAVE_SYSINFO_1 1
#define HAVE_GETLOADAVG 1
#define NCBI_HAVE_READDIR_R 3
#define SIZEOF_CHAR 1
#define SIZEOF_DOUBLE 8
#define SIZEOF_FLOAT 4
#define SIZEOF_INT 4
#define SIZEOF_LONG 8
#define SIZEOF_LONG_DOUBLE 16
#define SIZEOF_LONG_LONG 8
#define SIZEOF_SHORT 2
#define SIZEOF_VOIDP 8
#define SIZEOF___INT64 0
#define HAVE_INTPTR_T 1
#define HAVE_UINTPTR_T 1
#define HAVE_STRUCT_TM_TM_ZONE 1
#define NCBI_USE_THROW_SPEC 1
#define HAVE_IOS_REGISTER_CALLBACK 1
#define HAVE_SYSV_SEMAPHORES 1
#define STACK_GROWS_DOWN 1
#define HAVE_CPP_STD_VARARGS 1
#define HAVE_CPP_GNU_VARARGS 1
#define NCBI_DEPRECATED __attribute__((__deprecated__))
#define NCBI_FORCEINLINE inline __attribute__((always_inline))
#define HAVE_ATTRIBUTE_DESTRUCTOR 1
#define NCBI_RESTRICT_C __restrict__
#define HAVE_RESTRICT_C 1
#define NCBI_RESTRICT_CXX __restrict__
#define HAVE_RESTRICT_CXX 1
#define NCBI_NORETURN __attribute__((__noreturn__))
#define NCBI_TLS_VAR __thread
#define HAVE_UNALIGNED_READS 1
#define HAVE_GETADDRINFO 1
#define HAVE_GETNAMEINFO 1
#define HAVE_GETHOSTENT_R 1
#define HAVE_INET_NTOP 1
#define HAVE_ERF 1
#define HAVE_LIBCRYPT 1
#define HAVE_LIBDL 1
#define HAVE_LIBRT 1
#define HAVE_NANOSLEEP 1
#define HAVE_SCHED_YIELD 1
#define HAVE_LIBICONV 1
#define ICONV_CONST 
#define HAVE_LIBZ 1
#define HAVE_LIBBZ2 1
#define HAVE_LIBPCRE 1
#define HAVE_LIBGCRYPT 1
#define HAVE_LIBGNUTLS 1
#define HAVE_LIBOPENSSL 1
#define HAVE_LIBKRB5 1
#define HAVE_LIBCURL 1
#define HAVE_MYSQL 1
#define HAVE_BERKELEY_DB 1
#define HAVE_SQLLEN 1
#define HAVE_PYTHON 1
#define HAVE_BOOST_SPIRIT 1
#define HAVE_BOOST_TEST 1
#define HAVE_BOOST_THREAD 1
#define X_DISPLAY_MISSING 1
#define HAVE_LIBEXPAT 1
#define HAVE_LIBXML 1
#define HAVE_LIBJPEG 1
#define HAVE_LIBPNG 1
#define HAVE_FREETYPE 1
#define HAVE_LOCAL_LBSM 1
#define HAVE_LIBCONNEXT 1
#define HAVE_NCBI_CRYPT 1

configure: exit 0

## ---------------------- ##
## Running config.status. ##
## ---------------------- ##

This file was extended by ncbi-tools++ config.status 0.0, which was
generated by GNU Autoconf 2.60.  Invocation command line was

  CONFIG_FILES    = /home/msamanta/Electrophorus-Toolbox/NCBI-BLAST/ReleaseMT/build/db/Makefile:./src/db/Makefile.in
  CONFIG_HEADERS  = 
  CONFIG_LINKS    = 
  CONFIG_COMMANDS = 
  $ /home/msamanta/Electrophorus-Toolbox/NCBI-BLAST/ReleaseMT/status/config.status 

on samson

config.status:1331: creating /home/msamanta/Electrophorus-Toolbox/NCBI-BLAST/ReleaseMT/build/db/Makefile

## ---------------------- ##
## Running config.status. ##
## ---------------------- ##

This file was extended by ncbi-tools++ config.status 0.0, which was
generated by GNU Autoconf 2.60.  Invocation command line was

  CONFIG_FILES    = /home/msamanta/Electrophorus-Toolbox/NCBI-BLAST/ReleaseMT/build/ctools/Makefile:./src/ctools/Makefile.in
  CONFIG_HEADERS  = 
  CONFIG_LINKS    = 
  CONFIG_COMMANDS = 
  $ /home/msamanta/Electrophorus-Toolbox/NCBI-BLAST/ReleaseMT/status/config.status 

on samson

config.status:1331: creating /home/msamanta/Electrophorus-Toolbox/NCBI-BLAST/ReleaseMT/build/ctools/Makefile

## ---------------------- ##
## Running config.status. ##
## ---------------------- ##

This file was extended by ncbi-tools++ config.status 0.0, which was
generated by GNU Autoconf 2.60.  Invocation command line was

  CONFIG_FILES    = /home/msamanta/Electrophorus-Toolbox/NCBI-BLAST/ReleaseMT/build/sra/Makefile:./src/sra/Makefile.in
  CONFIG_HEADERS  = 
  CONFIG_LINKS    = 
  CONFIG_COMMANDS = 
  $ /home/msamanta/Electrophorus-Toolbox/NCBI-BLAST/ReleaseMT/status/config.status 

on samson

config.status:1331: creating /home/msamanta/Electrophorus-Toolbox/NCBI-BLAST/ReleaseMT/build/sra/Makefile

## ---------------------- ##
## Running config.status. ##
## ---------------------- ##

This file was extended by ncbi-tools++ config.status 0.0, which was
generated by GNU Autoconf 2.60.  Invocation command line was

  CONFIG_FILES    = /home/msamanta/Electrophorus-Toolbox/NCBI-BLAST/ReleaseMT/build/misc/Makefile:./src/misc/Makefile.in
  CONFIG_HEADERS  = 
  CONFIG_LINKS    = 
  CONFIG_COMMANDS = 
  $ /home/msamanta/Electrophorus-Toolbox/NCBI-BLAST/ReleaseMT/status/config.status 

on samson

config.status:1331: creating /home/msamanta/Electrophorus-Toolbox/NCBI-BLAST/ReleaseMT/build/misc/Makefile

## ---------------------- ##
## Running config.status. ##
## ---------------------- ##

This file was extended by ncbi-tools++ config.status 0.0, which was
generated by GNU Autoconf 2.60.  Invocation command line was

  CONFIG_FILES    = /home/msamanta/Electrophorus-Toolbox/NCBI-BLAST/ReleaseMT/build/gui/Makefile:./src/gui/Makefile.in
  CONFIG_HEADERS  = 
  CONFIG_LINKS    = 
  CONFIG_COMMANDS = 
  $ /home/msamanta/Electrophorus-Toolbox/NCBI-BLAST/ReleaseMT/status/config.status 

on samson

config.status:1331: creating /home/msamanta/Electrophorus-Toolbox/NCBI-BLAST/ReleaseMT/build/gui/Makefile

## ---------------------- ##
## Running config.status. ##
## ---------------------- ##

This file was extended by ncbi-tools++ config.status 0.0, which was
generated by GNU Autoconf 2.60.  Invocation command line was

  CONFIG_FILES    = /home/msamanta/Electrophorus-Toolbox/NCBI-BLAST/ReleaseMT/build/sample/Makefile:./src/sample/Makefile.in
  CONFIG_HEADERS  = 
  CONFIG_LINKS    = 
  CONFIG_COMMANDS = 
  $ /home/msamanta/Electrophorus-Toolbox/NCBI-BLAST/ReleaseMT/status/config.status 

on samson

config.status:1331: creating /home/msamanta/Electrophorus-Toolbox/NCBI-BLAST/ReleaseMT/build/sample/Makefile

## ---------------------- ##
## Running config.status. ##
## ---------------------- ##

This file was extended by ncbi-tools++ config.status 0.0, which was
generated by GNU Autoconf 2.60.  Invocation command line was

  CONFIG_FILES    = /home/msamanta/Electrophorus-Toolbox/NCBI-BLAST/ReleaseMT/build/internal/Makefile:./src/internal/Makefile.in
  CONFIG_HEADERS  = 
  CONFIG_LINKS    = 
  CONFIG_COMMANDS = 
  $ /home/msamanta/Electrophorus-Toolbox/NCBI-BLAST/ReleaseMT/status/config.status 

on samson

config.status:1331: creating /home/msamanta/Electrophorus-Toolbox/NCBI-BLAST/ReleaseMT/build/internal/Makefile

## ---------------------- ##
## Running config.status. ##
## ---------------------- ##

This file was extended by ncbi-tools++ config.status 0.0, which was
generated by GNU Autoconf 2.60.  Invocation command line was

  CONFIG_FILES    = /home/msamanta/Electrophorus-Toolbox/NCBI-BLAST/ReleaseMT/build/corelib/test/Makefile:./src/corelib/test/Makefile.in
  CONFIG_HEADERS  = 
  CONFIG_LINKS    = 
  CONFIG_COMMANDS = 
  $ /home/msamanta/Electrophorus-Toolbox/NCBI-BLAST/ReleaseMT/status/config.status 

on samson

config.status:1331: creating /home/msamanta/Electrophorus-Toolbox/NCBI-BLAST/ReleaseMT/build/corelib/test/Makefile

## ---------------------- ##
## Running config.status. ##
## ---------------------- ##

This file was extended by ncbi-tools++ config.status 0.0, which was
generated by GNU Autoconf 2.60.  Invocation command line was

  CONFIG_FILES    = /home/msamanta/Electrophorus-Toolbox/NCBI-BLAST/ReleaseMT/build/corelib/ncbicfg.c:./src/corelib/ncbicfg.c.in
  CONFIG_HEADERS  = 
  CONFIG_LINKS    = 
  CONFIG_COMMANDS = 
  $ /home/msamanta/Electrophorus-Toolbox/NCBI-BLAST/ReleaseMT/status/config.status 

on samson

config.status:1331: creating /home/msamanta/Electrophorus-Toolbox/NCBI-BLAST/ReleaseMT/build/corelib/ncbicfg.c

## ---------------------- ##
## Running config.status. ##
## ---------------------- ##

This file was extended by ncbi-tools++ config.status 0.0, which was
generated by GNU Autoconf 2.60.  Invocation command line was

  CONFIG_FILES    = /home/msamanta/Electrophorus-Toolbox/NCBI-BLAST/ReleaseMT/build/util/diff/Makefile:./src/util/diff/Makefile.in
  CONFIG_HEADERS  = 
  CONFIG_LINKS    = 
  CONFIG_COMMANDS = 
  $ /home/msamanta/Electrophorus-Toolbox/NCBI-BLAST/ReleaseMT/status/config.status 

on samson

config.status:1331: creating /home/msamanta/Electrophorus-Toolbox/NCBI-BLAST/ReleaseMT/build/util/diff/Makefile

## ---------------------- ##
## Running config.status. ##
## ---------------------- ##

This file was extended by ncbi-tools++ config.status 0.0, which was
generated by GNU Autoconf 2.60.  Invocation command line was

  CONFIG_FILES    = /home/msamanta/Electrophorus-Toolbox/NCBI-BLAST/ReleaseMT/build/util/image/Makefile:./src/util/image/Makefile.in
  CONFIG_HEADERS  = 
  CONFIG_LINKS    = 
  CONFIG_COMMANDS = 
  $ /home/msamanta/Electrophorus-Toolbox/NCBI-BLAST/ReleaseMT/status/config.status 

on samson

config.status:1331: creating /home/msamanta/Electrophorus-Toolbox/NCBI-BLAST/ReleaseMT/build/util/image/Makefile

## ---------------------- ##
## Running config.status. ##
## ---------------------- ##

This file was extended by ncbi-tools++ config.status 0.0, which was
generated by GNU Autoconf 2.60.  Invocation command line was

  CONFIG_FILES    = /home/msamanta/Electrophorus-Toolbox/NCBI-BLAST/ReleaseMT/build/util/qparse/Makefile:./src/util/qparse/Makefile.in
  CONFIG_HEADERS  = 
  CONFIG_LINKS    = 
  CONFIG_COMMANDS = 
  $ /home/msamanta/Electrophorus-Toolbox/NCBI-BLAST/ReleaseMT/status/config.status 

on samson

config.status:1331: creating /home/msamanta/Electrophorus-Toolbox/NCBI-BLAST/ReleaseMT/build/util/qparse/Makefile

## ---------------------- ##
## Running config.status. ##
## ---------------------- ##

This file was extended by ncbi-tools++ config.status 0.0, which was
generated by GNU Autoconf 2.60.  Invocation command line was

  CONFIG_FILES    = /home/msamanta/Electrophorus-Toolbox/NCBI-BLAST/ReleaseMT/build/util/test/Makefile:./src/util/test/Makefile.in
  CONFIG_HEADERS  = 
  CONFIG_LINKS    = 
  CONFIG_COMMANDS = 
  $ /home/msamanta/Electrophorus-Toolbox/NCBI-BLAST/ReleaseMT/status/config.status 

on samson

config.status:1331: creating /home/msamanta/Electrophorus-Toolbox/NCBI-BLAST/ReleaseMT/build/util/test/Makefile

## ---------------------- ##
## Running config.status. ##
## ---------------------- ##

This file was extended by ncbi-tools++ config.status 0.0, which was
generated by GNU Autoconf 2.60.  Invocation command line was

  CONFIG_FILES    = /home/msamanta/Electrophorus-Toolbox/NCBI-BLAST/ReleaseMT/build/util/demo/Makefile:./src/util/demo/Makefile.in
  CONFIG_HEADERS  = 
  CONFIG_LINKS    = 
  CONFIG_COMMANDS = 
  $ /home/msamanta/Electrophorus-Toolbox/NCBI-BLAST/ReleaseMT/status/config.status 

on samson

config.status:1331: creating /home/msamanta/Electrophorus-Toolbox/NCBI-BLAST/ReleaseMT/build/util/demo/Makefile

## ---------------------- ##
## Running config.status. ##
## ---------------------- ##

This file was extended by ncbi-tools++ config.status 0.0, which was
generated by GNU Autoconf 2.60.  Invocation command line was

  CONFIG_FILES    = /home/msamanta/Electrophorus-Toolbox/NCBI-BLAST/ReleaseMT/build/util/tables/test/Makefile:./src/util/tables/test/Makefile.in
  CONFIG_HEADERS  = 
  CONFIG_LINKS    = 
  CONFIG_COMMANDS = 
  $ /home/msamanta/Electrophorus-Toolbox/NCBI-BLAST/ReleaseMT/status/config.status 

on samson

config.status:1331: creating /home/msamanta/Electrophorus-Toolbox/NCBI-BLAST/ReleaseMT/build/util/tables/test/Makefile

## ---------------------- ##
## Running config.status. ##
## ---------------------- ##

This file was extended by ncbi-tools++ config.status 0.0, which was
generated by GNU Autoconf 2.60.  Invocation command line was

  CONFIG_FILES    = /home/msamanta/Electrophorus-Toolbox/NCBI-BLAST/ReleaseMT/build/util/bitset/test/Makefile:./src/util/bitset/test/Makefile.in
  CONFIG_HEADERS  = 
  CONFIG_LINKS    = 
  CONFIG_COMMANDS = 
  $ /home/msamanta/Electrophorus-Toolbox/NCBI-BLAST/ReleaseMT/status/config.status 

on samson

config.status:1331: creating /home/msamanta/Electrophorus-Toolbox/NCBI-BLAST/ReleaseMT/build/util/bitset/test/Makefile

## ---------------------- ##
## Running config.status. ##
## ---------------------- ##

This file was extended by ncbi-tools++ config.status 0.0, which was
generated by GNU Autoconf 2.60.  Invocation command line was

  CONFIG_FILES    = /home/msamanta/Electrophorus-Toolbox/NCBI-BLAST/ReleaseMT/build/util/bitset/demo/Makefile:./src/util/bitset/demo/Makefile.in
  CONFIG_HEADERS  = 
  CONFIG_LINKS    = 
  CONFIG_COMMANDS = 
  $ /home/msamanta/Electrophorus-Toolbox/NCBI-BLAST/ReleaseMT/status/config.status 

on samson

config.status:1331: creating /home/msamanta/Electrophorus-Toolbox/NCBI-BLAST/ReleaseMT/build/util/bitset/demo/Makefile

## ---------------------- ##
## Running config.status. ##
## ---------------------- ##

This file was extended by ncbi-tools++ config.status 0.0, which was
generated by GNU Autoconf 2.60.  Invocation command line was

  CONFIG_FILES    = /home/msamanta/Electrophorus-Toolbox/NCBI-BLAST/ReleaseMT/build/connect/test/Makefile:./src/connect/test/Makefile.in
  CONFIG_HEADERS  = 
  CONFIG_LINKS    = 
  CONFIG_COMMANDS = 
  $ /home/msamanta/Electrophorus-Toolbox/NCBI-BLAST/ReleaseMT/status/config.status 

on samson

config.status:1331: creating /home/msamanta/Electrophorus-Toolbox/NCBI-BLAST/ReleaseMT/build/connect/test/Makefile

## ---------------------- ##
## Running config.status. ##
## ---------------------- ##

This file was extended by ncbi-tools++ config.status 0.0, which was
generated by GNU Autoconf 2.60.  Invocation command line was

  CONFIG_FILES    = /home/msamanta/Electrophorus-Toolbox/NCBI-BLAST/ReleaseMT/build/connect/daemons/Makefile:./src/connect/daemons/Makefile.in
  CONFIG_HEADERS  = 
  CONFIG_LINKS    = 
  CONFIG_COMMANDS = 
  $ /home/msamanta/Electrophorus-Toolbox/NCBI-BLAST/ReleaseMT/status/config.status 

on samson

config.status:1331: creating /home/msamanta/Electrophorus-Toolbox/NCBI-BLAST/ReleaseMT/build/connect/daemons/Makefile

## ---------------------- ##
## Running config.status. ##
## ---------------------- ##

This file was extended by ncbi-tools++ config.status 0.0, which was
generated by GNU Autoconf 2.60.  Invocation command line was

  CONFIG_FILES    = /home/msamanta/Electrophorus-Toolbox/NCBI-BLAST/ReleaseMT/build/connect/services/test/Makefile:./src/connect/services/test/Makefile.in
  CONFIG_HEADERS  = 
  CONFIG_LINKS    = 
  CONFIG_COMMANDS = 
  $ /home/msamanta/Electrophorus-Toolbox/NCBI-BLAST/ReleaseMT/status/config.status 

on samson

config.status:1331: creating /home/msamanta/Electrophorus-Toolbox/NCBI-BLAST/ReleaseMT/build/connect/services/test/Makefile

## ---------------------- ##
## Running config.status. ##
## ---------------------- ##

This file was extended by ncbi-tools++ config.status 0.0, which was
generated by GNU Autoconf 2.60.  Invocation command line was

  CONFIG_FILES    = /home/msamanta/Electrophorus-Toolbox/NCBI-BLAST/ReleaseMT/build/connect/ext/test/Makefile:./src/connect/ext/test/Makefile.in
  CONFIG_HEADERS  = 
  CONFIG_LINKS    = 
  CONFIG_COMMANDS = 
  $ /home/msamanta/Electrophorus-Toolbox/NCBI-BLAST/ReleaseMT/status/config.status 

on samson

config.status:1331: creating /home/msamanta/Electrophorus-Toolbox/NCBI-BLAST/ReleaseMT/build/connect/ext/test/Makefile

## ---------------------- ##
## Running config.status. ##
## ---------------------- ##

This file was extended by ncbi-tools++ config.status 0.0, which was
generated by GNU Autoconf 2.60.  Invocation command line was

  CONFIG_FILES    = /home/msamanta/Electrophorus-Toolbox/NCBI-BLAST/ReleaseMT/build/cgi/test/Makefile:./src/cgi/test/Makefile.in
  CONFIG_HEADERS  = 
  CONFIG_LINKS    = 
  CONFIG_COMMANDS = 
  $ /home/msamanta/Electrophorus-Toolbox/NCBI-BLAST/ReleaseMT/status/config.status 

on samson

config.status:1331: creating /home/msamanta/Electrophorus-Toolbox/NCBI-BLAST/ReleaseMT/build/cgi/test/Makefile

## ---------------------- ##
## Running config.status. ##
## ---------------------- ##

This file was extended by ncbi-tools++ config.status 0.0, which was
generated by GNU Autoconf 2.60.  Invocation command line was

  CONFIG_FILES    = /home/msamanta/Electrophorus-Toolbox/NCBI-BLAST/ReleaseMT/build/html/test/Makefile:./src/html/test/Makefile.in
  CONFIG_HEADERS  = 
  CONFIG_LINKS    = 
  CONFIG_COMMANDS = 
  $ /home/msamanta/Electrophorus-Toolbox/NCBI-BLAST/ReleaseMT/status/config.status 

on samson

config.status:1331: creating /home/msamanta/Electrophorus-Toolbox/NCBI-BLAST/ReleaseMT/build/html/test/Makefile

## ---------------------- ##
## Running config.status. ##
## ---------------------- ##

This file was extended by ncbi-tools++ config.status 0.0, which was
generated by GNU Autoconf 2.60.  Invocation command line was

  CONFIG_FILES    = /home/msamanta/Electrophorus-Toolbox/NCBI-BLAST/ReleaseMT/build/html/demo/Makefile:./src/html/demo/Makefile.in
  CONFIG_HEADERS  = 
  CONFIG_LINKS    = 
  CONFIG_COMMANDS = 
  $ /home/msamanta/Electrophorus-Toolbox/NCBI-BLAST/ReleaseMT/status/config.status 

on samson

config.status:1331: creating /home/msamanta/Electrophorus-Toolbox/NCBI-BLAST/ReleaseMT/build/html/demo/Makefile

## ---------------------- ##
## Running config.status. ##
## ---------------------- ##

This file was extended by ncbi-tools++ config.status 0.0, which was
generated by GNU Autoconf 2.60.  Invocation command line was

  CONFIG_FILES    = /home/msamanta/Electrophorus-Toolbox/NCBI-BLAST/ReleaseMT/build/serial/test/Makefile:./src/serial/test/Makefile.in
  CONFIG_HEADERS  = 
  CONFIG_LINKS    = 
  CONFIG_COMMANDS = 
  $ /home/msamanta/Electrophorus-Toolbox/NCBI-BLAST/ReleaseMT/status/config.status 

on samson

config.status:1331: creating /home/msamanta/Electrophorus-Toolbox/NCBI-BLAST/ReleaseMT/build/serial/test/Makefile

## ---------------------- ##
## Running config.status. ##
## ---------------------- ##

This file was extended by ncbi-tools++ config.status 0.0, which was
generated by GNU Autoconf 2.60.  Invocation command line was

  CONFIG_FILES    = /home/msamanta/Electrophorus-Toolbox/NCBI-BLAST/ReleaseMT/build/serial/soap/Makefile:./src/serial/soap/Makefile.in
  CONFIG_HEADERS  = 
  CONFIG_LINKS    = 
  CONFIG_COMMANDS = 
  $ /home/msamanta/Electrophorus-Toolbox/NCBI-BLAST/ReleaseMT/status/config.status 

on samson

config.status:1331: creating /home/msamanta/Electrophorus-Toolbox/NCBI-BLAST/ReleaseMT/build/serial/soap/Makefile

## ---------------------- ##
## Running config.status. ##
## ---------------------- ##

This file was extended by ncbi-tools++ config.status 0.0, which was
generated by GNU Autoconf 2.60.  Invocation command line was

  CONFIG_FILES    = /home/msamanta/Electrophorus-Toolbox/NCBI-BLAST/ReleaseMT/build/dbapi/simple/Makefile:./src/dbapi/simple/Makefile.in
  CONFIG_HEADERS  = 
  CONFIG_LINKS    = 
  CONFIG_COMMANDS = 
  $ /home/msamanta/Electrophorus-Toolbox/NCBI-BLAST/ReleaseMT/status/config.status 

on samson

config.status:1331: creating /home/msamanta/Electrophorus-Toolbox/NCBI-BLAST/ReleaseMT/build/dbapi/simple/Makefile

## ---------------------- ##
## Running config.status. ##
## ---------------------- ##

This file was extended by ncbi-tools++ config.status 0.0, which was
generated by GNU Autoconf 2.60.  Invocation command line was

  CONFIG_FILES    = /home/msamanta/Electrophorus-Toolbox/NCBI-BLAST/ReleaseMT/build/dbapi/lang_bind/Makefile:./src/dbapi/lang_bind/Makefile.in
  CONFIG_HEADERS  = 
  CONFIG_LINKS    = 
  CONFIG_COMMANDS = 
  $ /home/msamanta/Electrophorus-Toolbox/NCBI-BLAST/ReleaseMT/status/config.status 

on samson

config.status:1331: creating /home/msamanta/Electrophorus-Toolbox/NCBI-BLAST/ReleaseMT/build/dbapi/lang_bind/Makefile

## ---------------------- ##
## Running config.status. ##
## ---------------------- ##

This file was extended by ncbi-tools++ config.status 0.0, which was
generated by GNU Autoconf 2.60.  Invocation command line was

  CONFIG_FILES    = /home/msamanta/Electrophorus-Toolbox/NCBI-BLAST/ReleaseMT/build/dbapi/test/Makefile:./src/dbapi/test/Makefile.in
  CONFIG_HEADERS  = 
  CONFIG_LINKS    = 
  CONFIG_COMMANDS = 
  $ /home/msamanta/Electrophorus-Toolbox/NCBI-BLAST/ReleaseMT/status/config.status 

on samson

config.status:1331: creating /home/msamanta/Electrophorus-Toolbox/NCBI-BLAST/ReleaseMT/build/dbapi/test/Makefile

## ---------------------- ##
## Running config.status. ##
## ---------------------- ##

This file was extended by ncbi-tools++ config.status 0.0, which was
generated by GNU Autoconf 2.60.  Invocation command line was

  CONFIG_FILES    = /home/msamanta/Electrophorus-Toolbox/NCBI-BLAST/ReleaseMT/build/dbapi/driver/util/Makefile:./src/dbapi/driver/util/Makefile.in
  CONFIG_HEADERS  = 
  CONFIG_LINKS    = 
  CONFIG_COMMANDS = 
  $ /home/msamanta/Electrophorus-Toolbox/NCBI-BLAST/ReleaseMT/status/config.status 

on samson

config.status:1331: creating /home/msamanta/Electrophorus-Toolbox/NCBI-BLAST/ReleaseMT/build/dbapi/driver/util/Makefile

## ---------------------- ##
## Running config.status. ##
## ---------------------- ##

This file was extended by ncbi-tools++ config.status 0.0, which was
generated by GNU Autoconf 2.60.  Invocation command line was

  CONFIG_FILES    = /home/msamanta/Electrophorus-Toolbox/NCBI-BLAST/ReleaseMT/build/dbapi/driver/ctlib/Makefile:./src/dbapi/driver/ctlib/Makefile.in
  CONFIG_HEADERS  = 
  CONFIG_LINKS    = 
  CONFIG_COMMANDS = 
  $ /home/msamanta/Electrophorus-Toolbox/NCBI-BLAST/ReleaseMT/status/config.status 

on samson

config.status:1331: creating /home/msamanta/Electrophorus-Toolbox/NCBI-BLAST/ReleaseMT/build/dbapi/driver/ctlib/Makefile

## ---------------------- ##
## Running config.status. ##
## ---------------------- ##

This file was extended by ncbi-tools++ config.status 0.0, which was
generated by GNU Autoconf 2.60.  Invocation command line was

  CONFIG_FILES    = /home/msamanta/Electrophorus-Toolbox/NCBI-BLAST/ReleaseMT/build/dbapi/driver/ftds64/Makefile:./src/dbapi/driver/ftds64/Makefile.in
  CONFIG_HEADERS  = 
  CONFIG_LINKS    = 
  CONFIG_COMMANDS = 
  $ /home/msamanta/Electrophorus-Toolbox/NCBI-BLAST/ReleaseMT/status/config.status 

on samson

config.status:1331: creating /home/msamanta/Electrophorus-Toolbox/NCBI-BLAST/ReleaseMT/build/dbapi/driver/ftds64/Makefile

## ---------------------- ##
## Running config.status. ##
## ---------------------- ##

This file was extended by ncbi-tools++ config.status 0.0, which was
generated by GNU Autoconf 2.60.  Invocation command line was

  CONFIG_FILES    = /home/msamanta/Electrophorus-Toolbox/NCBI-BLAST/ReleaseMT/build/dbapi/driver/dblib/Makefile:./src/dbapi/driver/dblib/Makefile.in
  CONFIG_HEADERS  = 
  CONFIG_LINKS    = 
  CONFIG_COMMANDS = 
  $ /home/msamanta/Electrophorus-Toolbox/NCBI-BLAST/ReleaseMT/status/config.status 

on samson

config.status:1331: creating /home/msamanta/Electrophorus-Toolbox/NCBI-BLAST/ReleaseMT/build/dbapi/driver/dblib/Makefile

## ---------------------- ##
## Running config.status. ##
## ---------------------- ##

This file was extended by ncbi-tools++ config.status 0.0, which was
generated by GNU Autoconf 2.60.  Invocation command line was

  CONFIG_FILES    = /home/msamanta/Electrophorus-Toolbox/NCBI-BLAST/ReleaseMT/build/dbapi/driver/mysql/Makefile:./src/dbapi/driver/mysql/Makefile.in
  CONFIG_HEADERS  = 
  CONFIG_LINKS    = 
  CONFIG_COMMANDS = 
  $ /home/msamanta/Electrophorus-Toolbox/NCBI-BLAST/ReleaseMT/status/config.status 

on samson

config.status:1331: creating /home/msamanta/Electrophorus-Toolbox/NCBI-BLAST/ReleaseMT/build/dbapi/driver/mysql/Makefile

## ---------------------- ##
## Running config.status. ##
## ---------------------- ##

This file was extended by ncbi-tools++ config.status 0.0, which was
generated by GNU Autoconf 2.60.  Invocation command line was

  CONFIG_FILES    = /home/msamanta/Electrophorus-Toolbox/NCBI-BLAST/ReleaseMT/build/dbapi/driver/samples/Makefile:./src/dbapi/driver/samples/Makefile.in
  CONFIG_HEADERS  = 
  CONFIG_LINKS    = 
  CONFIG_COMMANDS = 
  $ /home/msamanta/Electrophorus-Toolbox/NCBI-BLAST/ReleaseMT/status/config.status 

on samson

config.status:1331: creating /home/msamanta/Electrophorus-Toolbox/NCBI-BLAST/ReleaseMT/build/dbapi/driver/samples/Makefile

## ---------------------- ##
## Running config.status. ##
## ---------------------- ##

This file was extended by ncbi-tools++ config.status 0.0, which was
generated by GNU Autoconf 2.60.  Invocation command line was

  CONFIG_FILES    = /home/msamanta/Electrophorus-Toolbox/NCBI-BLAST/ReleaseMT/build/dbapi/cache/test/Makefile:./src/dbapi/cache/test/Makefile.in
  CONFIG_HEADERS  = 
  CONFIG_LINKS    = 
  CONFIG_COMMANDS = 
  $ /home/msamanta/Electrophorus-Toolbox/NCBI-BLAST/ReleaseMT/status/config.status 

on samson

config.status:1331: creating /home/msamanta/Electrophorus-Toolbox/NCBI-BLAST/ReleaseMT/build/dbapi/cache/test/Makefile

## ---------------------- ##
## Running config.status. ##
## ---------------------- ##

This file was extended by ncbi-tools++ config.status 0.0, which was
generated by GNU Autoconf 2.60.  Invocation command line was

  CONFIG_FILES    = /home/msamanta/Electrophorus-Toolbox/NCBI-BLAST/ReleaseMT/build/dbapi/cache/admintool/Makefile:./src/dbapi/cache/admintool/Makefile.in
  CONFIG_HEADERS  = 
  CONFIG_LINKS    = 
  CONFIG_COMMANDS = 
  $ /home/msamanta/Electrophorus-Toolbox/NCBI-BLAST/ReleaseMT/status/config.status 

on samson

config.status:1331: creating /home/msamanta/Electrophorus-Toolbox/NCBI-BLAST/ReleaseMT/build/dbapi/cache/admintool/Makefile

## ---------------------- ##
## Running config.status. ##
## ---------------------- ##

This file was extended by ncbi-tools++ config.status 0.0, which was
generated by GNU Autoconf 2.60.  Invocation command line was

  CONFIG_FILES    = /home/msamanta/Electrophorus-Toolbox/NCBI-BLAST/ReleaseMT/build/objects/general/test/Makefile:./src/objects/general/test/Makefile.in
  CONFIG_HEADERS  = 
  CONFIG_LINKS    = 
  CONFIG_COMMANDS = 
  $ /home/msamanta/Electrophorus-Toolbox/NCBI-BLAST/ReleaseMT/status/config.status 

on samson

config.status:1331: creating /home/msamanta/Electrophorus-Toolbox/NCBI-BLAST/ReleaseMT/build/objects/general/test/Makefile

## ---------------------- ##
## Running config.status. ##
## ---------------------- ##

This file was extended by ncbi-tools++ config.status 0.0, which was
generated by GNU Autoconf 2.60.  Invocation command line was

  CONFIG_FILES    = /home/msamanta/Electrophorus-Toolbox/NCBI-BLAST/ReleaseMT/build/objects/general/unit_test/Makefile:./src/objects/general/unit_test/Makefile.in
  CONFIG_HEADERS  = 
  CONFIG_LINKS    = 
  CONFIG_COMMANDS = 
  $ /home/msamanta/Electrophorus-Toolbox/NCBI-BLAST/ReleaseMT/status/config.status 

on samson

config.status:1331: creating /home/msamanta/Electrophorus-Toolbox/NCBI-BLAST/ReleaseMT/build/objects/general/unit_test/Makefile

## ---------------------- ##
## Running config.status. ##
## ---------------------- ##

This file was extended by ncbi-tools++ config.status 0.0, which was
generated by GNU Autoconf 2.60.  Invocation command line was

  CONFIG_FILES    = /home/msamanta/Electrophorus-Toolbox/NCBI-BLAST/ReleaseMT/build/objects/seq/test/Makefile:./src/objects/seq/test/Makefile.in
  CONFIG_HEADERS  = 
  CONFIG_LINKS    = 
  CONFIG_COMMANDS = 
  $ /home/msamanta/Electrophorus-Toolbox/NCBI-BLAST/ReleaseMT/status/config.status 

on samson

config.status:1331: creating /home/msamanta/Electrophorus-Toolbox/NCBI-BLAST/ReleaseMT/build/objects/seq/test/Makefile

## ---------------------- ##
## Running config.status. ##
## ---------------------- ##

This file was extended by ncbi-tools++ config.status 0.0, which was
generated by GNU Autoconf 2.60.  Invocation command line was

  CONFIG_FILES    = /home/msamanta/Electrophorus-Toolbox/NCBI-BLAST/ReleaseMT/build/objects/seq/unit_test/Makefile:./src/objects/seq/unit_test/Makefile.in
  CONFIG_HEADERS  = 
  CONFIG_LINKS    = 
  CONFIG_COMMANDS = 
  $ /home/msamanta/Electrophorus-Toolbox/NCBI-BLAST/ReleaseMT/status/config.status 

on samson

config.status:1331: creating /home/msamanta/Electrophorus-Toolbox/NCBI-BLAST/ReleaseMT/build/objects/seq/unit_test/Makefile

## ---------------------- ##
## Running config.status. ##
## ---------------------- ##

This file was extended by ncbi-tools++ config.status 0.0, which was
generated by GNU Autoconf 2.60.  Invocation command line was

  CONFIG_FILES    = /home/msamanta/Electrophorus-Toolbox/NCBI-BLAST/ReleaseMT/build/objects/seqset/test/Makefile:./src/objects/seqset/test/Makefile.in
  CONFIG_HEADERS  = 
  CONFIG_LINKS    = 
  CONFIG_COMMANDS = 
  $ /home/msamanta/Electrophorus-Toolbox/NCBI-BLAST/ReleaseMT/status/config.status 

on samson

config.status:1331: creating /home/msamanta/Electrophorus-Toolbox/NCBI-BLAST/ReleaseMT/build/objects/seqset/test/Makefile

## ---------------------- ##
## Running config.status. ##
## ---------------------- ##

This file was extended by ncbi-tools++ config.status 0.0, which was
generated by GNU Autoconf 2.60.  Invocation command line was

  CONFIG_FILES    = /home/msamanta/Electrophorus-Toolbox/NCBI-BLAST/ReleaseMT/build/objects/id1/test/Makefile:./src/objects/id1/test/Makefile.in
  CONFIG_HEADERS  = 
  CONFIG_LINKS    = 
  CONFIG_COMMANDS = 
  $ /home/msamanta/Electrophorus-Toolbox/NCBI-BLAST/ReleaseMT/status/config.status 

on samson

config.status:1331: creating /home/msamanta/Electrophorus-Toolbox/NCBI-BLAST/ReleaseMT/build/objects/id1/test/Makefile

## ---------------------- ##
## Running config.status. ##
## ---------------------- ##

This file was extended by ncbi-tools++ config.status 0.0, which was
generated by GNU Autoconf 2.60.  Invocation command line was

  CONFIG_FILES    = /home/msamanta/Electrophorus-Toolbox/NCBI-BLAST/ReleaseMT/build/objects/entrez2/demo/Makefile:./src/objects/entrez2/demo/Makefile.in
  CONFIG_HEADERS  = 
  CONFIG_LINKS    = 
  CONFIG_COMMANDS = 
  $ /home/msamanta/Electrophorus-Toolbox/NCBI-BLAST/ReleaseMT/status/config.status 

on samson

config.status:1331: creating /home/msamanta/Electrophorus-Toolbox/NCBI-BLAST/ReleaseMT/build/objects/entrez2/demo/Makefile

## ---------------------- ##
## Running config.status. ##
## ---------------------- ##

This file was extended by ncbi-tools++ config.status 0.0, which was
generated by GNU Autoconf 2.60.  Invocation command line was

  CONFIG_FILES    = /home/msamanta/Electrophorus-Toolbox/NCBI-BLAST/ReleaseMT/build/objects/ncbimime/test/Makefile:./src/objects/ncbimime/test/Makefile.in
  CONFIG_HEADERS  = 
  CONFIG_LINKS    = 
  CONFIG_COMMANDS = 
  $ /home/msamanta/Electrophorus-Toolbox/NCBI-BLAST/ReleaseMT/status/config.status 

on samson

config.status:1331: creating /home/msamanta/Electrophorus-Toolbox/NCBI-BLAST/ReleaseMT/build/objects/ncbimime/test/Makefile

## ---------------------- ##
## Running config.status. ##
## ---------------------- ##

This file was extended by ncbi-tools++ config.status 0.0, which was
generated by GNU Autoconf 2.60.  Invocation command line was

  CONFIG_FILES    = /home/msamanta/Electrophorus-Toolbox/NCBI-BLAST/ReleaseMT/build/objmgr/test/Makefile:./src/objmgr/test/Makefile.in
  CONFIG_HEADERS  = 
  CONFIG_LINKS    = 
  CONFIG_COMMANDS = 
  $ /home/msamanta/Electrophorus-Toolbox/NCBI-BLAST/ReleaseMT/status/config.status 

on samson

config.status:1331: creating /home/msamanta/Electrophorus-Toolbox/NCBI-BLAST/ReleaseMT/build/objmgr/test/Makefile

## ---------------------- ##
## Running config.status. ##
## ---------------------- ##

This file was extended by ncbi-tools++ config.status 0.0, which was
generated by GNU Autoconf 2.60.  Invocation command line was

  CONFIG_FILES    = /home/msamanta/Electrophorus-Toolbox/NCBI-BLAST/ReleaseMT/build/objmgr/util/unit_test/Makefile:./src/objmgr/util/unit_test/Makefile.in
  CONFIG_HEADERS  = 
  CONFIG_LINKS    = 
  CONFIG_COMMANDS = 
  $ /home/msamanta/Electrophorus-Toolbox/NCBI-BLAST/ReleaseMT/status/config.status 

on samson

config.status:1331: creating /home/msamanta/Electrophorus-Toolbox/NCBI-BLAST/ReleaseMT/build/objmgr/util/unit_test/Makefile

## ---------------------- ##
## Running config.status. ##
## ---------------------- ##

This file was extended by ncbi-tools++ config.status 0.0, which was
generated by GNU Autoconf 2.60.  Invocation command line was

  CONFIG_FILES    = /home/msamanta/Electrophorus-Toolbox/NCBI-BLAST/ReleaseMT/build/objtools/unit_test_util/Makefile:./src/objtools/unit_test_util/Makefile.in
  CONFIG_HEADERS  = 
  CONFIG_LINKS    = 
  CONFIG_COMMANDS = 
  $ /home/msamanta/Electrophorus-Toolbox/NCBI-BLAST/ReleaseMT/status/config.status 

on samson

config.status:1331: creating /home/msamanta/Electrophorus-Toolbox/NCBI-BLAST/ReleaseMT/build/objtools/unit_test_util/Makefile

## ---------------------- ##
## Running config.status. ##
## ---------------------- ##

This file was extended by ncbi-tools++ config.status 0.0, which was
generated by GNU Autoconf 2.60.  Invocation command line was

  CONFIG_FILES    = /home/msamanta/Electrophorus-Toolbox/NCBI-BLAST/ReleaseMT/build/objtools/lds/Makefile:./src/objtools/lds/Makefile.in
  CONFIG_HEADERS  = 
  CONFIG_LINKS    = 
  CONFIG_COMMANDS = 
  $ /home/msamanta/Electrophorus-Toolbox/NCBI-BLAST/ReleaseMT/status/config.status 

on samson

config.status:1331: creating /home/msamanta/Electrophorus-Toolbox/NCBI-BLAST/ReleaseMT/build/objtools/lds/Makefile

## ---------------------- ##
## Running config.status. ##
## ---------------------- ##

This file was extended by ncbi-tools++ config.status 0.0, which was
generated by GNU Autoconf 2.60.  Invocation command line was

  CONFIG_FILES    = /home/msamanta/Electrophorus-Toolbox/NCBI-BLAST/ReleaseMT/build/objtools/lds2/Makefile:./src/objtools/lds2/Makefile.in
  CONFIG_HEADERS  = 
  CONFIG_LINKS    = 
  CONFIG_COMMANDS = 
  $ /home/msamanta/Electrophorus-Toolbox/NCBI-BLAST/ReleaseMT/status/config.status 

on samson

config.status:1331: creating /home/msamanta/Electrophorus-Toolbox/NCBI-BLAST/ReleaseMT/build/objtools/lds2/Makefile

## ---------------------- ##
## Running config.status. ##
## ---------------------- ##

This file was extended by ncbi-tools++ config.status 0.0, which was
generated by GNU Autoconf 2.60.  Invocation command line was

  CONFIG_FILES    = /home/msamanta/Electrophorus-Toolbox/NCBI-BLAST/ReleaseMT/build/objtools/cddalignview/Makefile:./src/objtools/cddalignview/Makefile.in
  CONFIG_HEADERS  = 
  CONFIG_LINKS    = 
  CONFIG_COMMANDS = 
  $ /home/msamanta/Electrophorus-Toolbox/NCBI-BLAST/ReleaseMT/status/config.status 

on samson

config.status:1331: creating /home/msamanta/Electrophorus-Toolbox/NCBI-BLAST/ReleaseMT/build/objtools/cddalignview/Makefile

## ---------------------- ##
## Running config.status. ##
## ---------------------- ##

This file was extended by ncbi-tools++ config.status 0.0, which was
generated by GNU Autoconf 2.60.  Invocation command line was

  CONFIG_FILES    = /home/msamanta/Electrophorus-Toolbox/NCBI-BLAST/ReleaseMT/build/objtools/test/Makefile:./src/objtools/test/Makefile.in
  CONFIG_HEADERS  = 
  CONFIG_LINKS    = 
  CONFIG_COMMANDS = 
  $ /home/msamanta/Electrophorus-Toolbox/NCBI-BLAST/ReleaseMT/status/config.status 

on samson

config.status:1331: creating /home/msamanta/Electrophorus-Toolbox/NCBI-BLAST/ReleaseMT/build/objtools/test/Makefile

## ---------------------- ##
## Running config.status. ##
## ---------------------- ##

This file was extended by ncbi-tools++ config.status 0.0, which was
generated by GNU Autoconf 2.60.  Invocation command line was

  CONFIG_FILES    = /home/msamanta/Electrophorus-Toolbox/NCBI-BLAST/ReleaseMT/build/objtools/manip/Makefile:./src/objtools/manip/Makefile.in
  CONFIG_HEADERS  = 
  CONFIG_LINKS    = 
  CONFIG_COMMANDS = 
  $ /home/msamanta/Electrophorus-Toolbox/NCBI-BLAST/ReleaseMT/status/config.status 

on samson

config.status:1331: creating /home/msamanta/Electrophorus-Toolbox/NCBI-BLAST/ReleaseMT/build/objtools/manip/Makefile

## ---------------------- ##
## Running config.status. ##
## ---------------------- ##

This file was extended by ncbi-tools++ config.status 0.0, which was
generated by GNU Autoconf 2.60.  Invocation command line was

  CONFIG_FILES    = /home/msamanta/Electrophorus-Toolbox/NCBI-BLAST/ReleaseMT/build/objtools/validator/Makefile:./src/objtools/validator/Makefile.in
  CONFIG_HEADERS  = 
  CONFIG_LINKS    = 
  CONFIG_COMMANDS = 
  $ /home/msamanta/Electrophorus-Toolbox/NCBI-BLAST/ReleaseMT/status/config.status 

on samson

config.status:1331: creating /home/msamanta/Electrophorus-Toolbox/NCBI-BLAST/ReleaseMT/build/objtools/validator/Makefile

## ---------------------- ##
## Running config.status. ##
## ---------------------- ##

This file was extended by ncbi-tools++ config.status 0.0, which was
generated by GNU Autoconf 2.60.  Invocation command line was

  CONFIG_FILES    = /home/msamanta/Electrophorus-Toolbox/NCBI-BLAST/ReleaseMT/build/objtools/asniotest/Makefile:./src/objtools/asniotest/Makefile.in
  CONFIG_HEADERS  = 
  CONFIG_LINKS    = 
  CONFIG_COMMANDS = 
  $ /home/msamanta/Electrophorus-Toolbox/NCBI-BLAST/ReleaseMT/status/config.status 

on samson

config.status:1331: creating /home/msamanta/Electrophorus-Toolbox/NCBI-BLAST/ReleaseMT/build/objtools/asniotest/Makefile

## ---------------------- ##
## Running config.status. ##
## ---------------------- ##

This file was extended by ncbi-tools++ config.status 0.0, which was
generated by GNU Autoconf 2.60.  Invocation command line was

  CONFIG_FILES    = /home/msamanta/Electrophorus-Toolbox/NCBI-BLAST/ReleaseMT/build/objtools/align/Makefile:./src/objtools/align/Makefile.in
  CONFIG_HEADERS  = 
  CONFIG_LINKS    = 
  CONFIG_COMMANDS = 
  $ /home/msamanta/Electrophorus-Toolbox/NCBI-BLAST/ReleaseMT/status/config.status 

on samson

config.status:1331: creating /home/msamanta/Electrophorus-Toolbox/NCBI-BLAST/ReleaseMT/build/objtools/align/Makefile

## ---------------------- ##
## Running config.status. ##
## ---------------------- ##

This file was extended by ncbi-tools++ config.status 0.0, which was
generated by GNU Autoconf 2.60.  Invocation command line was

  CONFIG_FILES    = /home/msamanta/Electrophorus-Toolbox/NCBI-BLAST/ReleaseMT/build/objtools/eutils/Makefile:./src/objtools/eutils/Makefile.in
  CONFIG_HEADERS  = 
  CONFIG_LINKS    = 
  CONFIG_COMMANDS = 
  $ /home/msamanta/Electrophorus-Toolbox/NCBI-BLAST/ReleaseMT/status/config.status 

on samson

config.status:1331: creating /home/msamanta/Electrophorus-Toolbox/NCBI-BLAST/ReleaseMT/build/objtools/eutils/Makefile

## ---------------------- ##
## Running config.status. ##
## ---------------------- ##

This file was extended by ncbi-tools++ config.status 0.0, which was
generated by GNU Autoconf 2.60.  Invocation command line was

  CONFIG_FILES    = /home/msamanta/Electrophorus-Toolbox/NCBI-BLAST/ReleaseMT/build/objtools/snputil/Makefile:./src/objtools/snputil/Makefile.in
  CONFIG_HEADERS  = 
  CONFIG_LINKS    = 
  CONFIG_COMMANDS = 
  $ /home/msamanta/Electrophorus-Toolbox/NCBI-BLAST/ReleaseMT/status/config.status 

on samson

config.status:1331: creating /home/msamanta/Electrophorus-Toolbox/NCBI-BLAST/ReleaseMT/build/objtools/snputil/Makefile

## ---------------------- ##
## Running config.status. ##
## ---------------------- ##

This file was extended by ncbi-tools++ config.status 0.0, which was
generated by GNU Autoconf 2.60.  Invocation command line was

  CONFIG_FILES    = /home/msamanta/Electrophorus-Toolbox/NCBI-BLAST/ReleaseMT/build/objtools/uudutil/Makefile:./src/objtools/uudutil/Makefile.in
  CONFIG_HEADERS  = 
  CONFIG_LINKS    = 
  CONFIG_COMMANDS = 
  $ /home/msamanta/Electrophorus-Toolbox/NCBI-BLAST/ReleaseMT/status/config.status 

on samson

config.status:1331: creating /home/msamanta/Electrophorus-Toolbox/NCBI-BLAST/ReleaseMT/build/objtools/uudutil/Makefile

## ---------------------- ##
## Running config.status. ##
## ---------------------- ##

This file was extended by ncbi-tools++ config.status 0.0, which was
generated by GNU Autoconf 2.60.  Invocation command line was

  CONFIG_FILES    = /home/msamanta/Electrophorus-Toolbox/NCBI-BLAST/ReleaseMT/build/objtools/variation/Makefile:./src/objtools/variation/Makefile.in
  CONFIG_HEADERS  = 
  CONFIG_LINKS    = 
  CONFIG_COMMANDS = 
  $ /home/msamanta/Electrophorus-Toolbox/NCBI-BLAST/ReleaseMT/status/config.status 

on samson

config.status:1331: creating /home/msamanta/Electrophorus-Toolbox/NCBI-BLAST/ReleaseMT/build/objtools/variation/Makefile

## ---------------------- ##
## Running config.status. ##
## ---------------------- ##

This file was extended by ncbi-tools++ config.status 0.0, which was
generated by GNU Autoconf 2.60.  Invocation command line was

  CONFIG_FILES    = /home/msamanta/Electrophorus-Toolbox/NCBI-BLAST/ReleaseMT/build/objtools/writers/Makefile:./src/objtools/writers/Makefile.in
  CONFIG_HEADERS  = 
  CONFIG_LINKS    = 
  CONFIG_COMMANDS = 
  $ /home/msamanta/Electrophorus-Toolbox/NCBI-BLAST/ReleaseMT/status/config.status 

on samson

config.status:1331: creating /home/msamanta/Electrophorus-Toolbox/NCBI-BLAST/ReleaseMT/build/objtools/writers/Makefile

## ---------------------- ##
## Running config.status. ##
## ---------------------- ##

This file was extended by ncbi-tools++ config.status 0.0, which was
generated by GNU Autoconf 2.60.  Invocation command line was

  CONFIG_FILES    = /home/msamanta/Electrophorus-Toolbox/NCBI-BLAST/ReleaseMT/build/objtools/readers/app/Makefile:./src/objtools/readers/app/Makefile.in
  CONFIG_HEADERS  = 
  CONFIG_LINKS    = 
  CONFIG_COMMANDS = 
  $ /home/msamanta/Electrophorus-Toolbox/NCBI-BLAST/ReleaseMT/status/config.status 

on samson

config.status:1331: creating /home/msamanta/Electrophorus-Toolbox/NCBI-BLAST/ReleaseMT/build/objtools/readers/app/Makefile

## ---------------------- ##
## Running config.status. ##
## ---------------------- ##

This file was extended by ncbi-tools++ config.status 0.0, which was
generated by GNU Autoconf 2.60.  Invocation command line was

  CONFIG_FILES    = /home/msamanta/Electrophorus-Toolbox/NCBI-BLAST/ReleaseMT/build/objtools/readers/test/Makefile:./src/objtools/readers/test/Makefile.in
  CONFIG_HEADERS  = 
  CONFIG_LINKS    = 
  CONFIG_COMMANDS = 
  $ /home/msamanta/Electrophorus-Toolbox/NCBI-BLAST/ReleaseMT/status/config.status 

on samson

config.status:1331: creating /home/msamanta/Electrophorus-Toolbox/NCBI-BLAST/ReleaseMT/build/objtools/readers/test/Makefile

## ---------------------- ##
## Running config.status. ##
## ---------------------- ##

This file was extended by ncbi-tools++ config.status 0.0, which was
generated by GNU Autoconf 2.60.  Invocation command line was

  CONFIG_FILES    = /home/msamanta/Electrophorus-Toolbox/NCBI-BLAST/ReleaseMT/build/objtools/readers/unit_test/Makefile:./src/objtools/readers/unit_test/Makefile.in
  CONFIG_HEADERS  = 
  CONFIG_LINKS    = 
  CONFIG_COMMANDS = 
  $ /home/msamanta/Electrophorus-Toolbox/NCBI-BLAST/ReleaseMT/status/config.status 

on samson

config.status:1331: creating /home/msamanta/Electrophorus-Toolbox/NCBI-BLAST/ReleaseMT/build/objtools/readers/unit_test/Makefile

## ---------------------- ##
## Running config.status. ##
## ---------------------- ##

This file was extended by ncbi-tools++ config.status 0.0, which was
generated by GNU Autoconf 2.60.  Invocation command line was

  CONFIG_FILES    = /home/msamanta/Electrophorus-Toolbox/NCBI-BLAST/ReleaseMT/build/objtools/blast/gene_info_writer/Makefile:./src/objtools/blast/gene_info_writer/Makefile.in
  CONFIG_HEADERS  = 
  CONFIG_LINKS    = 
  CONFIG_COMMANDS = 
  $ /home/msamanta/Electrophorus-Toolbox/NCBI-BLAST/ReleaseMT/status/config.status 

on samson

config.status:1331: creating /home/msamanta/Electrophorus-Toolbox/NCBI-BLAST/ReleaseMT/build/objtools/blast/gene_info_writer/Makefile

## ---------------------- ##
## Running config.status. ##
## ---------------------- ##

This file was extended by ncbi-tools++ config.status 0.0, which was
generated by GNU Autoconf 2.60.  Invocation command line was

  CONFIG_FILES    = /home/msamanta/Electrophorus-Toolbox/NCBI-BLAST/ReleaseMT/build/objtools/data_loaders/lds/Makefile:./src/objtools/data_loaders/lds/Makefile.in
  CONFIG_HEADERS  = 
  CONFIG_LINKS    = 
  CONFIG_COMMANDS = 
  $ /home/msamanta/Electrophorus-Toolbox/NCBI-BLAST/ReleaseMT/status/config.status 

on samson

config.status:1331: creating /home/msamanta/Electrophorus-Toolbox/NCBI-BLAST/ReleaseMT/build/objtools/data_loaders/lds/Makefile

## ---------------------- ##
## Running config.status. ##
## ---------------------- ##

This file was extended by ncbi-tools++ config.status 0.0, which was
generated by GNU Autoconf 2.60.  Invocation command line was

  CONFIG_FILES    = /home/msamanta/Electrophorus-Toolbox/NCBI-BLAST/ReleaseMT/build/objtools/data_loaders/lds2/Makefile:./src/objtools/data_loaders/lds2/Makefile.in
  CONFIG_HEADERS  = 
  CONFIG_LINKS    = 
  CONFIG_COMMANDS = 
  $ /home/msamanta/Electrophorus-Toolbox/NCBI-BLAST/ReleaseMT/status/config.status 

on samson

config.status:1331: creating /home/msamanta/Electrophorus-Toolbox/NCBI-BLAST/ReleaseMT/build/objtools/data_loaders/lds2/Makefile

## ---------------------- ##
## Running config.status. ##
## ---------------------- ##

This file was extended by ncbi-tools++ config.status 0.0, which was
generated by GNU Autoconf 2.60.  Invocation command line was

  CONFIG_FILES    = /home/msamanta/Electrophorus-Toolbox/NCBI-BLAST/ReleaseMT/build/objtools/data_loaders/cdd/Makefile:./src/objtools/data_loaders/cdd/Makefile.in
  CONFIG_HEADERS  = 
  CONFIG_LINKS    = 
  CONFIG_COMMANDS = 
  $ /home/msamanta/Electrophorus-Toolbox/NCBI-BLAST/ReleaseMT/status/config.status 

on samson

config.status:1331: creating /home/msamanta/Electrophorus-Toolbox/NCBI-BLAST/ReleaseMT/build/objtools/data_loaders/cdd/Makefile

## ---------------------- ##
## Running config.status. ##
## ---------------------- ##

This file was extended by ncbi-tools++ config.status 0.0, which was
generated by GNU Autoconf 2.60.  Invocation command line was

  CONFIG_FILES    = /home/msamanta/Electrophorus-Toolbox/NCBI-BLAST/ReleaseMT/build/objtools/data_loaders/trace/Makefile:./src/objtools/data_loaders/trace/Makefile.in
  CONFIG_HEADERS  = 
  CONFIG_LINKS    = 
  CONFIG_COMMANDS = 
  $ /home/msamanta/Electrophorus-Toolbox/NCBI-BLAST/ReleaseMT/status/config.status 

on samson

config.status:1331: creating /home/msamanta/Electrophorus-Toolbox/NCBI-BLAST/ReleaseMT/build/objtools/data_loaders/trace/Makefile

## ---------------------- ##
## Running config.status. ##
## ---------------------- ##

This file was extended by ncbi-tools++ config.status 0.0, which was
generated by GNU Autoconf 2.60.  Invocation command line was

  CONFIG_FILES    = /home/msamanta/Electrophorus-Toolbox/NCBI-BLAST/ReleaseMT/build/objtools/data_loaders/patcher/Makefile:./src/objtools/data_loaders/patcher/Makefile.in
  CONFIG_HEADERS  = 
  CONFIG_LINKS    = 
  CONFIG_COMMANDS = 
  $ /home/msamanta/Electrophorus-Toolbox/NCBI-BLAST/ReleaseMT/status/config.status 

on samson

config.status:1331: creating /home/msamanta/Electrophorus-Toolbox/NCBI-BLAST/ReleaseMT/build/objtools/data_loaders/patcher/Makefile

## ---------------------- ##
## Running config.status. ##
## ---------------------- ##

This file was extended by ncbi-tools++ config.status 0.0, which was
generated by GNU Autoconf 2.60.  Invocation command line was

  CONFIG_FILES    = /home/msamanta/Electrophorus-Toolbox/NCBI-BLAST/ReleaseMT/build/objtools/data_loaders/genbank/test/Makefile:./src/objtools/data_loaders/genbank/test/Makefile.in
  CONFIG_HEADERS  = 
  CONFIG_LINKS    = 
  CONFIG_COMMANDS = 
  $ /home/msamanta/Electrophorus-Toolbox/NCBI-BLAST/ReleaseMT/status/config.status 

on samson

config.status:1331: creating /home/msamanta/Electrophorus-Toolbox/NCBI-BLAST/ReleaseMT/build/objtools/data_loaders/genbank/test/Makefile

## ---------------------- ##
## Running config.status. ##
## ---------------------- ##

This file was extended by ncbi-tools++ config.status 0.0, which was
generated by GNU Autoconf 2.60.  Invocation command line was

  CONFIG_FILES    = /home/msamanta/Electrophorus-Toolbox/NCBI-BLAST/ReleaseMT/build/objtools/data_loaders/blastdb/unit_test/Makefile:./src/objtools/data_loaders/blastdb/unit_test/Makefile.in
  CONFIG_HEADERS  = 
  CONFIG_LINKS    = 
  CONFIG_COMMANDS = 
  $ /home/msamanta/Electrophorus-Toolbox/NCBI-BLAST/ReleaseMT/status/config.status 

on samson

config.status:1331: creating /home/msamanta/Electrophorus-Toolbox/NCBI-BLAST/ReleaseMT/build/objtools/data_loaders/blastdb/unit_test/Makefile

## ---------------------- ##
## Running config.status. ##
## ---------------------- ##

This file was extended by ncbi-tools++ config.status 0.0, which was
generated by GNU Autoconf 2.60.  Invocation command line was

  CONFIG_FILES    = /home/msamanta/Electrophorus-Toolbox/NCBI-BLAST/ReleaseMT/build/objtools/alnmgr/demo/Makefile:./src/objtools/alnmgr/demo/Makefile.in
  CONFIG_HEADERS  = 
  CONFIG_LINKS    = 
  CONFIG_COMMANDS = 
  $ /home/msamanta/Electrophorus-Toolbox/NCBI-BLAST/ReleaseMT/status/config.status 

on samson

config.status:1331: creating /home/msamanta/Electrophorus-Toolbox/NCBI-BLAST/ReleaseMT/build/objtools/alnmgr/demo/Makefile

## ---------------------- ##
## Running config.status. ##
## ---------------------- ##

This file was extended by ncbi-tools++ config.status 0.0, which was
generated by GNU Autoconf 2.60.  Invocation command line was

  CONFIG_FILES    = /home/msamanta/Electrophorus-Toolbox/NCBI-BLAST/ReleaseMT/build/objtools/alnmgr/unit_test/Makefile:./src/objtools/alnmgr/unit_test/Makefile.in
  CONFIG_HEADERS  = 
  CONFIG_LINKS    = 
  CONFIG_COMMANDS = 
  $ /home/msamanta/Electrophorus-Toolbox/NCBI-BLAST/ReleaseMT/status/config.status 

on samson

config.status:1331: creating /home/msamanta/Electrophorus-Toolbox/NCBI-BLAST/ReleaseMT/build/objtools/alnmgr/unit_test/Makefile

## ---------------------- ##
## Running config.status. ##
## ---------------------- ##

This file was extended by ncbi-tools++ config.status 0.0, which was
generated by GNU Autoconf 2.60.  Invocation command line was

  CONFIG_FILES    = /home/msamanta/Electrophorus-Toolbox/NCBI-BLAST/ReleaseMT/build/objtools/cleanup/test/Makefile:./src/objtools/cleanup/test/Makefile.in
  CONFIG_HEADERS  = 
  CONFIG_LINKS    = 
  CONFIG_COMMANDS = 
  $ /home/msamanta/Electrophorus-Toolbox/NCBI-BLAST/ReleaseMT/status/config.status 

on samson

config.status:1331: creating /home/msamanta/Electrophorus-Toolbox/NCBI-BLAST/ReleaseMT/build/objtools/cleanup/test/Makefile

## ---------------------- ##
## Running config.status. ##
## ---------------------- ##

This file was extended by ncbi-tools++ config.status 0.0, which was
generated by GNU Autoconf 2.60.  Invocation command line was

  CONFIG_FILES    = /home/msamanta/Electrophorus-Toolbox/NCBI-BLAST/ReleaseMT/build/objtools/edit/demo/Makefile:./src/objtools/edit/demo/Makefile.in
  CONFIG_HEADERS  = 
  CONFIG_LINKS    = 
  CONFIG_COMMANDS = 
  $ /home/msamanta/Electrophorus-Toolbox/NCBI-BLAST/ReleaseMT/status/config.status 

on samson

config.status:1331: creating /home/msamanta/Electrophorus-Toolbox/NCBI-BLAST/ReleaseMT/build/objtools/edit/demo/Makefile

## ---------------------- ##
## Running config.status. ##
## ---------------------- ##

This file was extended by ncbi-tools++ config.status 0.0, which was
generated by GNU Autoconf 2.60.  Invocation command line was

  CONFIG_FILES    = /home/msamanta/Electrophorus-Toolbox/NCBI-BLAST/ReleaseMT/build/objtools/edit/unit_test/Makefile:./src/objtools/edit/unit_test/Makefile.in
  CONFIG_HEADERS  = 
  CONFIG_LINKS    = 
  CONFIG_COMMANDS = 
  $ /home/msamanta/Electrophorus-Toolbox/NCBI-BLAST/ReleaseMT/status/config.status 

on samson

config.status:1331: creating /home/msamanta/Electrophorus-Toolbox/NCBI-BLAST/ReleaseMT/build/objtools/edit/unit_test/Makefile

## ---------------------- ##
## Running config.status. ##
## ---------------------- ##

This file was extended by ncbi-tools++ config.status 0.0, which was
generated by GNU Autoconf 2.60.  Invocation command line was

  CONFIG_FILES    = /home/msamanta/Electrophorus-Toolbox/NCBI-BLAST/ReleaseMT/build/objtools/seqmasks_io/unit_test/Makefile:./src/objtools/seqmasks_io/unit_test/Makefile.in
  CONFIG_HEADERS  = 
  CONFIG_LINKS    = 
  CONFIG_COMMANDS = 
  $ /home/msamanta/Electrophorus-Toolbox/NCBI-BLAST/ReleaseMT/status/config.status 

on samson

config.status:1331: creating /home/msamanta/Electrophorus-Toolbox/NCBI-BLAST/ReleaseMT/build/objtools/seqmasks_io/unit_test/Makefile

## ---------------------- ##
## Running config.status. ##
## ---------------------- ##

This file was extended by ncbi-tools++ config.status 0.0, which was
generated by GNU Autoconf 2.60.  Invocation command line was

  CONFIG_FILES    = /home/msamanta/Electrophorus-Toolbox/NCBI-BLAST/ReleaseMT/build/algo/sequence/Makefile:./src/algo/sequence/Makefile.in
  CONFIG_HEADERS  = 
  CONFIG_LINKS    = 
  CONFIG_COMMANDS = 
  $ /home/msamanta/Electrophorus-Toolbox/NCBI-BLAST/ReleaseMT/status/config.status 

on samson

config.status:1331: creating /home/msamanta/Electrophorus-Toolbox/NCBI-BLAST/ReleaseMT/build/algo/sequence/Makefile

## ---------------------- ##
## Running config.status. ##
## ---------------------- ##

This file was extended by ncbi-tools++ config.status 0.0, which was
generated by GNU Autoconf 2.60.  Invocation command line was

  CONFIG_FILES    = /home/msamanta/Electrophorus-Toolbox/NCBI-BLAST/ReleaseMT/build/algo/align/Makefile:./src/algo/align/Makefile.in
  CONFIG_HEADERS  = 
  CONFIG_LINKS    = 
  CONFIG_COMMANDS = 
  $ /home/msamanta/Electrophorus-Toolbox/NCBI-BLAST/ReleaseMT/status/config.status 

on samson

config.status:1331: creating /home/msamanta/Electrophorus-Toolbox/NCBI-BLAST/ReleaseMT/build/algo/align/Makefile

## ---------------------- ##
## Running config.status. ##
## ---------------------- ##

This file was extended by ncbi-tools++ config.status 0.0, which was
generated by GNU Autoconf 2.60.  Invocation command line was

  CONFIG_FILES    = /home/msamanta/Electrophorus-Toolbox/NCBI-BLAST/ReleaseMT/build/algo/structure/Makefile:./src/algo/structure/Makefile.in
  CONFIG_HEADERS  = 
  CONFIG_LINKS    = 
  CONFIG_COMMANDS = 
  $ /home/msamanta/Electrophorus-Toolbox/NCBI-BLAST/ReleaseMT/status/config.status 

on samson

config.status:1331: creating /home/msamanta/Electrophorus-Toolbox/NCBI-BLAST/ReleaseMT/build/algo/structure/Makefile

## ---------------------- ##
## Running config.status. ##
## ---------------------- ##

This file was extended by ncbi-tools++ config.status 0.0, which was
generated by GNU Autoconf 2.60.  Invocation command line was

  CONFIG_FILES    = /home/msamanta/Electrophorus-Toolbox/NCBI-BLAST/ReleaseMT/build/algo/ms/Makefile:./src/algo/ms/Makefile.in
  CONFIG_HEADERS  = 
  CONFIG_LINKS    = 
  CONFIG_COMMANDS = 
  $ /home/msamanta/Electrophorus-Toolbox/NCBI-BLAST/ReleaseMT/status/config.status 

on samson

config.status:1331: creating /home/msamanta/Electrophorus-Toolbox/NCBI-BLAST/ReleaseMT/build/algo/ms/Makefile

## ---------------------- ##
## Running config.status. ##
## ---------------------- ##

This file was extended by ncbi-tools++ config.status 0.0, which was
generated by GNU Autoconf 2.60.  Invocation command line was

  CONFIG_FILES    = /home/msamanta/Electrophorus-Toolbox/NCBI-BLAST/ReleaseMT/build/algo/gnomon/Makefile:./src/algo/gnomon/Makefile.in
  CONFIG_HEADERS  = 
  CONFIG_LINKS    = 
  CONFIG_COMMANDS = 
  $ /home/msamanta/Electrophorus-Toolbox/NCBI-BLAST/ReleaseMT/status/config.status 

on samson

config.status:1331: creating /home/msamanta/Electrophorus-Toolbox/NCBI-BLAST/ReleaseMT/build/algo/gnomon/Makefile

## ---------------------- ##
## Running config.status. ##
## ---------------------- ##

This file was extended by ncbi-tools++ config.status 0.0, which was
generated by GNU Autoconf 2.60.  Invocation command line was

  CONFIG_FILES    = /home/msamanta/Electrophorus-Toolbox/NCBI-BLAST/ReleaseMT/build/algo/tree/Makefile:./src/algo/tree/Makefile.in
  CONFIG_HEADERS  = 
  CONFIG_LINKS    = 
  CONFIG_COMMANDS = 
  $ /home/msamanta/Electrophorus-Toolbox/NCBI-BLAST/ReleaseMT/status/config.status 

on samson

config.status:1331: creating /home/msamanta/Electrophorus-Toolbox/NCBI-BLAST/ReleaseMT/build/algo/tree/Makefile

## ---------------------- ##
## Running config.status. ##
## ---------------------- ##

This file was extended by ncbi-tools++ config.status 0.0, which was
generated by GNU Autoconf 2.60.  Invocation command line was

  CONFIG_FILES    = /home/msamanta/Electrophorus-Toolbox/NCBI-BLAST/ReleaseMT/build/algo/phy_tree/Makefile:./src/algo/phy_tree/Makefile.in
  CONFIG_HEADERS  = 
  CONFIG_LINKS    = 
  CONFIG_COMMANDS = 
  $ /home/msamanta/Electrophorus-Toolbox/NCBI-BLAST/ReleaseMT/status/config.status 

on samson

config.status:1331: creating /home/msamanta/Electrophorus-Toolbox/NCBI-BLAST/ReleaseMT/build/algo/phy_tree/Makefile

## ---------------------- ##
## Running config.status. ##
## ---------------------- ##

This file was extended by ncbi-tools++ config.status 0.0, which was
generated by GNU Autoconf 2.60.  Invocation command line was

  CONFIG_FILES    = /home/msamanta/Electrophorus-Toolbox/NCBI-BLAST/ReleaseMT/build/algo/seqqa/Makefile:./src/algo/seqqa/Makefile.in
  CONFIG_HEADERS  = 
  CONFIG_LINKS    = 
  CONFIG_COMMANDS = 
  $ /home/msamanta/Electrophorus-Toolbox/NCBI-BLAST/ReleaseMT/status/config.status 

on samson

config.status:1331: creating /home/msamanta/Electrophorus-Toolbox/NCBI-BLAST/ReleaseMT/build/algo/seqqa/Makefile

## ---------------------- ##
## Running config.status. ##
## ---------------------- ##

This file was extended by ncbi-tools++ config.status 0.0, which was
generated by GNU Autoconf 2.60.  Invocation command line was

  CONFIG_FILES    = /home/msamanta/Electrophorus-Toolbox/NCBI-BLAST/ReleaseMT/build/algo/cobalt/Makefile:./src/algo/cobalt/Makefile.in
  CONFIG_HEADERS  = 
  CONFIG_LINKS    = 
  CONFIG_COMMANDS = 
  $ /home/msamanta/Electrophorus-Toolbox/NCBI-BLAST/ReleaseMT/status/config.status 

on samson

config.status:1331: creating /home/msamanta/Electrophorus-Toolbox/NCBI-BLAST/ReleaseMT/build/algo/cobalt/Makefile

## ---------------------- ##
## Running config.status. ##
## ---------------------- ##

This file was extended by ncbi-tools++ config.status 0.0, which was
generated by GNU Autoconf 2.60.  Invocation command line was

  CONFIG_FILES    = /home/msamanta/Electrophorus-Toolbox/NCBI-BLAST/ReleaseMT/build/algo/text/Makefile:./src/algo/text/Makefile.in
  CONFIG_HEADERS  = 
  CONFIG_LINKS    = 
  CONFIG_COMMANDS = 
  $ /home/msamanta/Electrophorus-Toolbox/NCBI-BLAST/ReleaseMT/status/config.status 

on samson

config.status:1331: creating /home/msamanta/Electrophorus-Toolbox/NCBI-BLAST/ReleaseMT/build/algo/text/Makefile

## ---------------------- ##
## Running config.status. ##
## ---------------------- ##

This file was extended by ncbi-tools++ config.status 0.0, which was
generated by GNU Autoconf 2.60.  Invocation command line was

  CONFIG_FILES    = /home/msamanta/Electrophorus-Toolbox/NCBI-BLAST/ReleaseMT/build/algo/volume_merge/Makefile:./src/algo/volume_merge/Makefile.in
  CONFIG_HEADERS  = 
  CONFIG_LINKS    = 
  CONFIG_COMMANDS = 
  $ /home/msamanta/Electrophorus-Toolbox/NCBI-BLAST/ReleaseMT/status/config.status 

on samson

config.status:1331: creating /home/msamanta/Electrophorus-Toolbox/NCBI-BLAST/ReleaseMT/build/algo/volume_merge/Makefile

## ---------------------- ##
## Running config.status. ##
## ---------------------- ##

This file was extended by ncbi-tools++ config.status 0.0, which was
generated by GNU Autoconf 2.60.  Invocation command line was

  CONFIG_FILES    = /home/msamanta/Electrophorus-Toolbox/NCBI-BLAST/ReleaseMT/build/algo/primer/Makefile:./src/algo/primer/Makefile.in
  CONFIG_HEADERS  = 
  CONFIG_LINKS    = 
  CONFIG_COMMANDS = 
  $ /home/msamanta/Electrophorus-Toolbox/NCBI-BLAST/ReleaseMT/status/config.status 

on samson

config.status:1331: creating /home/msamanta/Electrophorus-Toolbox/NCBI-BLAST/ReleaseMT/build/algo/primer/Makefile

## ---------------------- ##
## Running config.status. ##
## ---------------------- ##

This file was extended by ncbi-tools++ config.status 0.0, which was
generated by GNU Autoconf 2.60.  Invocation command line was

  CONFIG_FILES    = /home/msamanta/Electrophorus-Toolbox/NCBI-BLAST/ReleaseMT/build/algo/id_mapper/Makefile:./src/algo/id_mapper/Makefile.in
  CONFIG_HEADERS  = 
  CONFIG_LINKS    = 
  CONFIG_COMMANDS = 
  $ /home/msamanta/Electrophorus-Toolbox/NCBI-BLAST/ReleaseMT/status/config.status 

on samson

config.status:1331: creating /home/msamanta/Electrophorus-Toolbox/NCBI-BLAST/ReleaseMT/build/algo/id_mapper/Makefile

## ---------------------- ##
## Running config.status. ##
## ---------------------- ##

This file was extended by ncbi-tools++ config.status 0.0, which was
generated by GNU Autoconf 2.60.  Invocation command line was

  CONFIG_FILES    = /home/msamanta/Electrophorus-Toolbox/NCBI-BLAST/ReleaseMT/build/algo/blast/dbindex_search/Makefile:./src/algo/blast/dbindex_search/Makefile.in
  CONFIG_HEADERS  = 
  CONFIG_LINKS    = 
  CONFIG_COMMANDS = 
  $ /home/msamanta/Electrophorus-Toolbox/NCBI-BLAST/ReleaseMT/status/config.status 

on samson

config.status:1331: creating /home/msamanta/Electrophorus-Toolbox/NCBI-BLAST/ReleaseMT/build/algo/blast/dbindex_search/Makefile

## ---------------------- ##
## Running config.status. ##
## ---------------------- ##

This file was extended by ncbi-tools++ config.status 0.0, which was
generated by GNU Autoconf 2.60.  Invocation command line was

  CONFIG_FILES    = /home/msamanta/Electrophorus-Toolbox/NCBI-BLAST/ReleaseMT/build/algo/blast/gumbel_params/Makefile:./src/algo/blast/gumbel_params/Makefile.in
  CONFIG_HEADERS  = 
  CONFIG_LINKS    = 
  CONFIG_COMMANDS = 
  $ /home/msamanta/Electrophorus-Toolbox/NCBI-BLAST/ReleaseMT/status/config.status 

on samson

config.status:1331: creating /home/msamanta/Electrophorus-Toolbox/NCBI-BLAST/ReleaseMT/build/algo/blast/gumbel_params/Makefile

## ---------------------- ##
## Running config.status. ##
## ---------------------- ##

This file was extended by ncbi-tools++ config.status 0.0, which was
generated by GNU Autoconf 2.60.  Invocation command line was

  CONFIG_FILES    = /home/msamanta/Electrophorus-Toolbox/NCBI-BLAST/ReleaseMT/build/algo/blast/blastinput/demo/Makefile:./src/algo/blast/blastinput/demo/Makefile.in
  CONFIG_HEADERS  = 
  CONFIG_LINKS    = 
  CONFIG_COMMANDS = 
  $ /home/msamanta/Electrophorus-Toolbox/NCBI-BLAST/ReleaseMT/status/config.status 

on samson

config.status:1331: creating /home/msamanta/Electrophorus-Toolbox/NCBI-BLAST/ReleaseMT/build/algo/blast/blastinput/demo/Makefile
