This file contains any messages produced by compilers while
running configure, to aid debugging if configure makes a mistake.

It was created by Parafly configure 0.1, which was
generated by GNU Autoconf 2.68.  Invocation command line was

  $ ./configure --prefix=/home/unix/bhaas/ahg_bhaas/TrinityRelease/trinityrnaseq_r20140716/trinity-plugins/parafly

## --------- ##
## Platform. ##
## --------- ##

hostname = acmodonutm
uname -m = x86_64
uname -r = 2.6.18-194.8.1.el5
uname -s = Linux
uname -v = #1 SMP Thu Jul 1 19:04:48 EDT 2010

/usr/bin/uname -p = unknown
/bin/uname -X     = unknown

/bin/arch              = x86_64
/usr/bin/arch -k       = unknown
/usr/convex/getsysinfo = unknown
/usr/bin/hostinfo      = unknown
/bin/machine           = unknown
/usr/bin/oslevel       = unknown
/bin/universe          = unknown

PATH: .
PATH: /broad/software/free/Linux/redhat_5_x86_64/pkgs/coreutils_8.22/bin
PATH: /broad/software/free/Linux/redhat_5_x86_64/pkgs/git_1.8.4/libexec/git-core
PATH: /broad/software/free/Linux/redhat_5_x86_64/pkgs/git_1.8.4/bin
PATH: /broad/software/free/Linux/redhat_5_x86_64/pkgs/openssl_1.0.1g/bin
PATH: /broad/software/free/Linux/redhat_5_x86_64/pkgs/curl_7.33.0/bin
PATH: /broad/software/free/Linux/redhat_5_x86_64/pkgs/neon_0.30.0/bin
PATH: /broad/software/free/Linux/redhat_5_x86_64/pkgs/db_4.8.26/bin
PATH: /broad/software/free/Linux/redhat_5_x86_64/pkgs/sqlite_3.7.17/bin
PATH: /broad/software/free/Linux/redhat_5_x86_64/pkgs/subversion_1.6.5/bin
PATH: /broad/software/free/Linux/redhat_5_x86_64/pkgs/oracle-java-jdk_1.6.0-35_x86_64/bin
PATH: /broad/software/free/Linux/redhat_5_x86_64/pkgs/r_3.0.2/bin
PATH: /broad/software/free/Linux/redhat_5_x86_64/pkgs/netcdf_4.0.1/bin
PATH: /broad/software/free/Linux/redhat_5_x86_64/pkgs/gcc_4.5.3/bin
PATH: /broad/software/free/Linux/redhat_5_x86_64/pkgs/mercurial_1.9.3-python-2.7.1-sqlite3-rtrees/bin
PATH: /broad/software/free/Linux/redhat_5_x86_64/pkgs/python_2.7.1-sqlite3-rtrees/bin
PATH: /broad/software/free/Linux/redhat_5_x86_64/pkgs/matplotlib_1.3.1-python-2.7.1-sqlite3-rtrees/bin
PATH: /broad/software/free/Linux/redhat_5_x86_64/pkgs/postgresql_8.4.21/bin
PATH: /broad/software/free/Linux/redhat_5_x86_64/pkgs/hdf5_1.8.4/bin
PATH: /broad/software/free/Linux/redhat_5_x86_64/pkgs/tcltk8.5.9/bin
PATH: /broad/software/free/Linux/redhat_5_x86_64/pkgs/glib_2.22.4/bin
PATH: /broad/software/free/Linux/redhat_5_x86_64/pkgs/gettext_0.17/bin
PATH: /broad/software/free/Linux/redhat_5_x86_64/pkgs/ncbi-blast_2.2.24+-x86_64/bin
PATH: /broad/software/free/Linux/redhat_5_x86_64/pkgs/perl_5.8.9/bin
PATH: /broad/software/free/Linux/redhat_5_x86_64/pkgs/dbd-oracle_1.23-perl-5.8.9-oracle-instantclient-10.2.0.4.0/bin
PATH: /broad/software/nonfree/Linux/redhat_5_x86_64/pkgs/oracle_instantclient-10.2.0.4.0/instantclient_10_2
PATH: /broad/software/free/Linux/redhat_5_x86_64/pkgs/graphviz_2.26.3/bin
PATH: /broad/lsf/7.0/linux2.6-glibc2.3-x86_64/etc
PATH: /broad/lsf/7.0/linux2.6-glibc2.3-x86_64/bin
PATH: /home/unix/bhaas/utilities
PATH: /home/unix/bhaas/SVN/PASA/trunk/misc_utilities/
PATH: /home/unix/bhaas/bin
PATH: /broad/tools/NoArch/pkgs/local
PATH: /usr/lib64/qt-3.3/bin
PATH: /usr/kerberos/bin
PATH: /usr/local/bin
PATH: /bin
PATH: /usr/bin
PATH: /var/cfengine/bin
PATH: /seq/regev_genome_portal/SOFTWARE/OpenMPI/openmpi-1.6.5/bin


## ----------- ##
## Core tests. ##
## ----------- ##

configure:1852: checking for a BSD-compatible install
configure:1920: result: /broad/software/free/Linux/redhat_5_x86_64/pkgs/coreutils_8.22/bin/install -c
configure:1931: checking whether build environment is sane
configure:1981: result: yes
configure:2122: checking for a thread-safe mkdir -p
configure:2161: result: /broad/software/free/Linux/redhat_5_x86_64/pkgs/coreutils_8.22/bin/mkdir -p
configure:2174: checking for gawk
configure:2190: found /bin/gawk
configure:2201: result: gawk
configure:2212: checking whether make sets $(MAKE)
configure:2234: result: yes
configure:2378: checking for g++
configure:2394: found /broad/software/free/Linux/redhat_5_x86_64/pkgs/gcc_4.5.3/bin/g++
configure:2405: result: g++
configure:2432: checking for C++ compiler version
configure:2441: g++ --version >&5
g++ (GCC) 4.5.3
Copyright (C) 2010 Free Software Foundation, Inc.
This is free software; see the source for copying conditions.  There is NO
warranty; not even for MERCHANTABILITY or FITNESS FOR A PARTICULAR PURPOSE.

configure:2452: $? = 0
configure:2441: g++ -v >&5
Using built-in specs.
COLLECT_GCC=g++
COLLECT_LTO_WRAPPER=/broad/software/free/Linux/redhat_5_x86_64/pkgs/gcc_4.5.3/libexec/gcc/x86_64-unknown-linux-gnu/4.5.3/lto-wrapper
Target: x86_64-unknown-linux-gnu
Configured with: /local/tmp/redhat_5_x86_64/build/tmp/gcc-4.5.3/configure --prefix=/broad/software/free/Linux/redhat_5_x86_64/pkgs/gcc_4.5.3 --enable-languages=c,c++,objc,obj-c++,fortran --without-cloog --without-ppl --with-gmp=/broad/software/free/Linux/redhat_5_x86_64/pkgs/gcc_4.5.3 --with-mpfr=/broad/software/free/Linux/redhat_5_x86_64/pkgs/gcc_4.5.3
Thread model: posix
gcc version 4.5.3 (GCC) 
configure:2452: $? = 0
configure:2441: g++ -V >&5
g++: '-V' option must have argument
configure:2452: $? = 1
configure:2441: g++ -qversion >&5
g++: unrecognized option '-qversion'
g++: no input files
configure:2452: $? = 1
configure:2472: checking whether the C++ compiler works
configure:2494: g++    conftest.cpp  >&5
configure:2498: $? = 0
configure:2546: result: yes
configure:2549: checking for C++ compiler default output file name
configure:2551: result: a.out
configure:2557: checking for suffix of executables
configure:2564: g++ -o conftest    conftest.cpp  >&5
configure:2568: $? = 0
configure:2590: result: 
configure:2612: checking whether we are cross compiling
configure:2620: g++ -o conftest    conftest.cpp  >&5
configure:2624: $? = 0
configure:2631: ./conftest
configure:2635: $? = 0
configure:2650: result: no
configure:2655: checking for suffix of object files
configure:2677: g++ -c   conftest.cpp >&5
configure:2681: $? = 0
configure:2702: result: o
configure:2706: checking whether we are using the GNU C++ compiler
configure:2725: g++ -c   conftest.cpp >&5
configure:2725: $? = 0
configure:2734: result: yes
configure:2743: checking whether g++ accepts -g
configure:2763: g++ -c -g  conftest.cpp >&5
configure:2763: $? = 0
configure:2804: result: yes
configure:2838: checking for style of include used by make
configure:2866: result: GNU
configure:2892: checking dependency style of g++
configure:3003: result: gcc3
configure:3030: checking for library containing cos
configure:3061: g++ -o conftest -g -O2   conftest.cpp  >&5
configure:3061: $? = 0
configure:3078: result: none required
configure:3220: creating ./config.status

## ---------------------- ##
## Running config.status. ##
## ---------------------- ##

This file was extended by Parafly config.status 0.1, which was
generated by GNU Autoconf 2.68.  Invocation command line was

  CONFIG_FILES    = 
  CONFIG_HEADERS  = 
  CONFIG_LINKS    = 
  CONFIG_COMMANDS = 
  $ ./config.status 

on acmodonutm

config.status:849: creating Makefile
config.status:849: creating src/Makefile
config.status:849: creating config.h
config.status:1030: config.h is unchanged
config.status:1078: executing depfiles commands

## ---------------- ##
## Cache variables. ##
## ---------------- ##

ac_cv_cxx_compiler_gnu=yes
ac_cv_env_CCC_set=
ac_cv_env_CCC_value=
ac_cv_env_CPPFLAGS_set=
ac_cv_env_CPPFLAGS_value=
ac_cv_env_CXXFLAGS_set=
ac_cv_env_CXXFLAGS_value=
ac_cv_env_CXX_set=
ac_cv_env_CXX_value=
ac_cv_env_LDFLAGS_set=
ac_cv_env_LDFLAGS_value=
ac_cv_env_LIBS_set=
ac_cv_env_LIBS_value=
ac_cv_env_build_alias_set=
ac_cv_env_build_alias_value=
ac_cv_env_host_alias_set=
ac_cv_env_host_alias_value=
ac_cv_env_target_alias_set=
ac_cv_env_target_alias_value=
ac_cv_objext=o
ac_cv_path_install='/broad/software/free/Linux/redhat_5_x86_64/pkgs/coreutils_8.22/bin/install -c'
ac_cv_path_mkdir=/broad/software/free/Linux/redhat_5_x86_64/pkgs/coreutils_8.22/bin/mkdir
ac_cv_prog_AWK=gawk
ac_cv_prog_ac_ct_CXX=g++
ac_cv_prog_cxx_g=yes
ac_cv_prog_make_make_set=yes
ac_cv_search_cos='none required'
am_cv_CXX_dependencies_compiler_type=gcc3

## ----------------- ##
## Output variables. ##
## ----------------- ##

ACLOCAL='${SHELL} /home/unix/bhaas/ahg_bhaas/TrinityRelease/trinityrnaseq_r20140716/trinity-plugins/parafly/missing --run aclocal-1.11'
AMDEPBACKSLASH='\'
AMDEP_FALSE='#'
AMDEP_TRUE=''
AMTAR='$${TAR-tar}'
AM_CXXFLAGS='-pedantic -fopenmp -Wall -Wextra -Wno-long-long -Wno-deprecated -m64'
AUTOCONF='${SHELL} /home/unix/bhaas/ahg_bhaas/TrinityRelease/trinityrnaseq_r20140716/trinity-plugins/parafly/missing --run autoconf'
AUTOHEADER='${SHELL} /home/unix/bhaas/ahg_bhaas/TrinityRelease/trinityrnaseq_r20140716/trinity-plugins/parafly/missing --run autoheader'
AUTOMAKE='${SHELL} /home/unix/bhaas/ahg_bhaas/TrinityRelease/trinityrnaseq_r20140716/trinity-plugins/parafly/missing --run automake-1.11'
AWK='gawk'
CPPFLAGS=''
CXX='g++'
CXXDEPMODE='depmode=gcc3'
CXXFLAGS='-g -O2'
CYGPATH_W='echo'
DEFS='-DHAVE_CONFIG_H'
DEPDIR='.deps'
ECHO_C=''
ECHO_N='-n'
ECHO_T=''
EXEEXT=''
INSTALL_DATA='${INSTALL} -m 644'
INSTALL_PROGRAM='${INSTALL}'
INSTALL_SCRIPT='${INSTALL}'
INSTALL_STRIP_PROGRAM='$(install_sh) -c -s'
LDFLAGS=''
LIBOBJS=''
LIBS=''
LTLIBOBJS=''
MAKEINFO='${SHELL} /home/unix/bhaas/ahg_bhaas/TrinityRelease/trinityrnaseq_r20140716/trinity-plugins/parafly/missing --run makeinfo'
MKDIR_P='/broad/software/free/Linux/redhat_5_x86_64/pkgs/coreutils_8.22/bin/mkdir -p'
OBJEXT='o'
PACKAGE='parafly'
PACKAGE_BUGREPORT='bug-report@address'
PACKAGE_NAME='Parafly'
PACKAGE_STRING='Parafly 0.1'
PACKAGE_TARNAME='parafly'
PACKAGE_URL=''
PACKAGE_VERSION='0.1'
PATH_SEPARATOR=':'
SET_MAKE=''
SHELL='/bin/sh'
STRIP=''
VERSION='0.1'
ac_ct_CXX='g++'
am__EXEEXT_FALSE=''
am__EXEEXT_TRUE='#'
am__fastdepCXX_FALSE='#'
am__fastdepCXX_TRUE=''
am__include='include'
am__isrc=''
am__leading_dot='.'
am__nodep='_no'
am__quote=''
am__tar='$${TAR-tar} chof - "$$tardir"'
am__untar='$${TAR-tar} xf -'
bindir='${exec_prefix}/bin'
build_alias=''
datadir='${datarootdir}'
datarootdir='${prefix}/share'
docdir='${datarootdir}/doc/${PACKAGE_TARNAME}'
dvidir='${docdir}'
exec_prefix='${prefix}'
host_alias=''
htmldir='${docdir}'
includedir='${prefix}/include'
infodir='${datarootdir}/info'
install_sh='${SHELL} /home/unix/bhaas/ahg_bhaas/TrinityRelease/trinityrnaseq_r20140716/trinity-plugins/parafly/install-sh'
libdir='${exec_prefix}/lib'
libexecdir='${exec_prefix}/libexec'
localedir='${datarootdir}/locale'
localstatedir='${prefix}/var'
mandir='${datarootdir}/man'
mkdir_p='/broad/software/free/Linux/redhat_5_x86_64/pkgs/coreutils_8.22/bin/mkdir -p'
oldincludedir='/usr/include'
pdfdir='${docdir}'
prefix='/home/unix/bhaas/ahg_bhaas/TrinityRelease/trinityrnaseq_r20140716/trinity-plugins/parafly'
program_transform_name='s,x,x,'
psdir='${docdir}'
sbindir='${exec_prefix}/sbin'
sharedstatedir='${prefix}/com'
sysconfdir='${prefix}/etc'
target_alias=''

## ----------- ##
## confdefs.h. ##
## ----------- ##

/* confdefs.h */
#define PACKAGE_NAME "Parafly"
#define PACKAGE_TARNAME "parafly"
#define PACKAGE_VERSION "0.1"
#define PACKAGE_STRING "Parafly 0.1"
#define PACKAGE_BUGREPORT "bug-report@address"
#define PACKAGE_URL ""
#define PACKAGE "parafly"
#define VERSION "0.1"

configure: exit 0

## ---------------------- ##
## Running config.status. ##
## ---------------------- ##

This file was extended by Parafly config.status 0.1, which was
generated by GNU Autoconf 2.68.  Invocation command line was

  CONFIG_FILES    = 
  CONFIG_HEADERS  = 
  CONFIG_LINKS    = 
  CONFIG_COMMANDS = 
  $ ./config.status config.h

on acmodonutm

config.status:849: creating config.h
config.status:1030: config.h is unchanged
